  [1m[36m (175.5ms)[0m  [1mCREATE TABLE "schema_migrations" ("version" varchar NOT NULL) [0m
  [1m[35m (0.4ms)[0m  select sqlite_version(*)
  [1m[36m (165.6ms)[0m  [1mCREATE UNIQUE INDEX "unique_schema_migrations" ON "schema_migrations" ("version")[0m
  [1m[35mActiveRecord::SchemaMigration Load (0.4ms)[0m  SELECT "schema_migrations".* FROM "schema_migrations"
Migrating to CreateProducts (20151119164727)
  [1m[36m (0.1ms)[0m  [1mbegin transaction[0m
  [1m[35m (0.6ms)[0m  CREATE TABLE "products" ("id" INTEGER PRIMARY KEY AUTOINCREMENT NOT NULL, "nombre" varchar, "descripcion" varchar, "precio" decimal, "cantidad" integer, "created_at" datetime NOT NULL, "updated_at" datetime NOT NULL) 
  [1m[36mSQL (0.5ms)[0m  [1mINSERT INTO "schema_migrations" ("version") VALUES (?)[0m  [["version", "20151119164727"]]
  [1m[35m (180.2ms)[0m  commit transaction
  [1m[36mActiveRecord::SchemaMigration Load (0.2ms)[0m  [1mSELECT "schema_migrations".* FROM "schema_migrations"[0m


Started GET "/" for 127.0.0.1 at 2015-11-19 10:50:01 -0600
  [1m[36mActiveRecord::SchemaMigration Load (1.4ms)[0m  [1mSELECT "schema_migrations".* FROM "schema_migrations"[0m
Processing by Rails::WelcomeController#index as HTML
  Rendered /home/angie/.rvm/gems/ruby-2.2.1/gems/railties-4.2.5/lib/rails/templates/rails/welcome/index.html.erb (3.2ms)
Completed 200 OK in 127ms (Views: 77.3ms | ActiveRecord: 0.0ms)


Started GET "/products" for 127.0.0.1 at 2015-11-19 10:50:28 -0600
Processing by ProductsController#index as HTML
  [1m[35mProduct Load (0.3ms)[0m  SELECT "products".* FROM "products"
  Rendered products/index.html.erb within layouts/application (10.9ms)
Completed 500 Internal Server Error in 1095ms (ActiveRecord: 0.6ms)

ActionView::Template::Error (Could not find a JavaScript runtime. See https://github.com/rails/execjs for a list of available runtimes.):
    3: <head>
    4:   <title>Project</title>
    5:   <%= stylesheet_link_tag    'application', media: 'all', 'data-turbolinks-track' => true %>
    6:   <%= javascript_include_tag 'application', 'data-turbolinks-track' => true %>
    7:   <%= csrf_meta_tags %>
    8: </head>
    9: <body>
  app/views/layouts/application.html.erb:6:in `_app_views_layouts_application_html_erb__203831679818365304_70204327911700'


  Rendered /home/angie/.rvm/gems/ruby-2.2.1/gems/actionpack-4.2.5/lib/action_dispatch/middleware/templates/rescues/_source.erb (33.5ms)
  Rendered /home/angie/.rvm/gems/ruby-2.2.1/gems/actionpack-4.2.5/lib/action_dispatch/middleware/templates/rescues/_trace.html.erb (10.9ms)
  Rendered /home/angie/.rvm/gems/ruby-2.2.1/gems/actionpack-4.2.5/lib/action_dispatch/middleware/templates/rescues/_request_and_response.html.erb (2.9ms)
  Rendered /home/angie/.rvm/gems/ruby-2.2.1/gems/actionpack-4.2.5/lib/action_dispatch/middleware/templates/rescues/template_error.html.erb within rescues/layout (100.8ms)
  Rendered /home/angie/.rvm/gems/ruby-2.2.1/gems/web-console-2.2.1/lib/web_console/templates/_markup.html.erb (0.8ms)
  Rendered /home/angie/.rvm/gems/ruby-2.2.1/gems/web-console-2.2.1/lib/web_console/templates/_inner_console_markup.html.erb within layouts/inlined_string (0.5ms)
  Rendered /home/angie/.rvm/gems/ruby-2.2.1/gems/web-console-2.2.1/lib/web_console/templates/_prompt_box_markup.html.erb within layouts/inlined_string (0.6ms)
  Rendered /home/angie/.rvm/gems/ruby-2.2.1/gems/web-console-2.2.1/lib/web_console/templates/style.css.erb within layouts/inlined_string (2.1ms)
  Rendered /home/angie/.rvm/gems/ruby-2.2.1/gems/web-console-2.2.1/lib/web_console/templates/console.js.erb within layouts/javascript (56.6ms)
  Rendered /home/angie/.rvm/gems/ruby-2.2.1/gems/web-console-2.2.1/lib/web_console/templates/main.js.erb within layouts/javascript (0.7ms)
  Rendered /home/angie/.rvm/gems/ruby-2.2.1/gems/web-console-2.2.1/lib/web_console/templates/error_page.js.erb within layouts/javascript (1.2ms)
  Rendered /home/angie/.rvm/gems/ruby-2.2.1/gems/web-console-2.2.1/lib/web_console/templates/index.html.erb (130.5ms)


Started GET "/products" for 127.0.0.1 at 2015-11-19 10:52:41 -0600
Processing by ProductsController#index as HTML
  [1m[36mProduct Load (0.2ms)[0m  [1mSELECT "products".* FROM "products"[0m
  Rendered products/index.html.erb within layouts/application (5.6ms)
Completed 200 OK in 67ms (Views: 66.3ms | ActiveRecord: 0.2ms)


Started GET "/assets/products.self-e3b0c44298fc1c149afbf4c8996fb92427ae41e4649b934ca495991b7852b855.css?body=1" for 127.0.0.1 at 2015-11-19 10:52:41 -0600


Started GET "/assets/scaffolds.self-4c1c54b6a1c1dcf9785f027b01938e6cf1ceec7f49d6dfba12bb0f7f473eb7fe.css?body=1" for 127.0.0.1 at 2015-11-19 10:52:41 -0600


Started GET "/assets/application.self-e80e8f2318043e8af94dddc2adad5a4f09739a8ebb323b3ab31cd71d45fd9113.css?body=1" for 127.0.0.1 at 2015-11-19 10:52:41 -0600


Started GET "/products/new" for 127.0.0.1 at 2015-11-19 10:52:48 -0600
Processing by ProductsController#new as HTML
  Rendered products/_form.html.erb (129.1ms)
  Rendered products/new.html.erb within layouts/application (131.4ms)
Completed 200 OK in 201ms (Views: 178.1ms | ActiveRecord: 2.7ms)


Started POST "/products" for 127.0.0.1 at 2015-11-19 10:53:07 -0600
Processing by ProductsController#create as HTML
  Parameters: {"utf8"=>"✓", "authenticity_token"=>"evZlEYEwoC0JoysN3D2269o5Vt9OIFFuoC8GhKYVqK3Qjju2bpreUG9laTAGQgisCsWMM0eYsTWGP2PgIuT0Dg==", "product"=>{"nombre"=>"aa", "descripcion"=>"jdaod", "precio"=>"12", "cantidad"=>"5"}, "commit"=>"Create Product"}
  [1m[35m (0.2ms)[0m  begin transaction
  [1m[36mSQL (0.5ms)[0m  [1mINSERT INTO "products" ("nombre", "descripcion", "precio", "cantidad", "created_at", "updated_at") VALUES (?, ?, ?, ?, ?, ?)[0m  [["nombre", "aa"], ["descripcion", "jdaod"], ["precio", 12.0], ["cantidad", 5], ["created_at", "2015-11-19 16:53:07.416747"], ["updated_at", "2015-11-19 16:53:07.416747"]]
  [1m[35m (141.2ms)[0m  commit transaction
Redirected to http://localhost:3000/products/1
Completed 302 Found in 159ms (ActiveRecord: 141.9ms)


Started GET "/products/1" for 127.0.0.1 at 2015-11-19 10:53:07 -0600
Processing by ProductsController#show as HTML
  Parameters: {"id"=>"1"}
  [1m[36mProduct Load (2.1ms)[0m  [1mSELECT  "products".* FROM "products" WHERE "products"."id" = ? LIMIT 1[0m  [["id", 1]]
  Rendered products/show.html.erb within layouts/application (3.5ms)
Completed 200 OK in 82ms (Views: 41.2ms | ActiveRecord: 2.1ms)
  [1m[36mProduct Load (2.2ms)[0m  [1mSELECT "products".* FROM "products"[0m
  [1m[36mSell Load (1.3ms)[0m  [1mSELECT "sells".* FROM "sells"[0m
  [1m[36mActiveRecord::SchemaMigration Load (0.2ms)[0m  [1mSELECT "schema_migrations".* FROM "schema_migrations"[0m
Migrating to CreateSells (20151119170418)
  [1m[35m (0.1ms)[0m  begin transaction
  [1m[36m (0.5ms)[0m  [1mCREATE TABLE "sells" ("id" INTEGER PRIMARY KEY AUTOINCREMENT NOT NULL, "prod_id" integer, "fecha_v" date, "cantidad" integer, "total" decimal, "created_at" datetime NOT NULL, "updated_at" datetime NOT NULL) [0m
  [1m[35mSQL (0.5ms)[0m  INSERT INTO "schema_migrations" ("version") VALUES (?)  [["version", "20151119170418"]]
  [1m[36m (170.7ms)[0m  [1mcommit transaction[0m
Migrating to CreateClients (20151119171220)
  [1m[35m (0.2ms)[0m  begin transaction
  [1m[36m (0.9ms)[0m  [1mCREATE TABLE "clients" ("id" INTEGER PRIMARY KEY AUTOINCREMENT NOT NULL, "nombre" varchar, "genero" varchar, "telefono" integer, "created_at" datetime NOT NULL, "updated_at" datetime NOT NULL) [0m
  [1m[35mSQL (0.4ms)[0m  INSERT INTO "schema_migrations" ("version") VALUES (?)  [["version", "20151119171220"]]
  [1m[36m (182.2ms)[0m  [1mcommit transaction[0m
Migrating to AddClienteIdToSells (20151119171551)
  [1m[35m (0.2ms)[0m  begin transaction
  [1m[36m (1.1ms)[0m  [1mALTER TABLE "sells" ADD "cliente_id" integer[0m
  [1m[35mSQL (0.4ms)[0m  INSERT INTO "schema_migrations" ("version") VALUES (?)  [["version", "20151119171551"]]
  [1m[36m (183.8ms)[0m  [1mcommit transaction[0m
  [1m[35mActiveRecord::SchemaMigration Load (0.4ms)[0m  SELECT "schema_migrations".* FROM "schema_migrations"
  [1m[36mSell Load (2.2ms)[0m  [1mSELECT "sells".* FROM "sells"[0m


Started GET "/" for 127.0.0.1 at 2015-11-19 11:27:07 -0600
  [1m[36mActiveRecord::SchemaMigration Load (0.2ms)[0m  [1mSELECT "schema_migrations".* FROM "schema_migrations"[0m
Processing by Rails::WelcomeController#index as HTML
  Rendered /home/angie/.rvm/gems/ruby-2.2.1/gems/railties-4.2.5/lib/rails/templates/rails/welcome/index.html.erb (3.8ms)
Completed 200 OK in 55ms (Views: 24.7ms | ActiveRecord: 0.0ms)


Started GET "/products/new" for 127.0.0.1 at 2015-11-19 11:27:33 -0600
Processing by ProductsController#new as HTML
  Rendered products/_form.html.erb (27.1ms)
  Rendered products/new.html.erb within layouts/application (44.0ms)
Completed 200 OK in 584ms (Views: 526.7ms | ActiveRecord: 0.8ms)


Started GET "/products/new" for 127.0.0.1 at 2015-11-19 11:27:34 -0600
Processing by ProductsController#new as HTML
  Rendered products/_form.html.erb (17.0ms)
  Rendered products/new.html.erb within layouts/application (22.7ms)
Completed 200 OK in 63ms (Views: 62.2ms | ActiveRecord: 0.0ms)


Started GET "/assets/clients.self-e3b0c44298fc1c149afbf4c8996fb92427ae41e4649b934ca495991b7852b855.css?body=1" for 127.0.0.1 at 2015-11-19 11:27:35 -0600


Started GET "/assets/sells.self-e3b0c44298fc1c149afbf4c8996fb92427ae41e4649b934ca495991b7852b855.css?body=1" for 127.0.0.1 at 2015-11-19 11:27:35 -0600


Started GET "/clients" for 127.0.0.1 at 2015-11-19 11:27:43 -0600
Processing by ClientsController#index as HTML
  [1m[35mClient Load (4.9ms)[0m  SELECT "clients".* FROM "clients"
  Rendered clients/index.html.erb within layouts/application (10.6ms)
Completed 200 OK in 125ms (Views: 101.6ms | ActiveRecord: 5.2ms)


Started GET "/clients/new" for 127.0.0.1 at 2015-11-19 11:27:52 -0600
Processing by ClientsController#new as HTML
  Rendered clients/_form.html.erb (21.5ms)
  Rendered clients/new.html.erb within layouts/application (26.2ms)
Completed 200 OK in 94ms (Views: 70.5ms | ActiveRecord: 0.2ms)


Started POST "/clients" for 127.0.0.1 at 2015-11-19 11:28:06 -0600
Processing by ClientsController#create as HTML
  Parameters: {"utf8"=>"✓", "authenticity_token"=>"1yqhJ53nguntAnh1+llQLyMrthk04+4xxVYmj93cpW59Uv+Ack38lIvEOkggJu5o89ds9T1bDmrjRkPrWS35zQ==", "client"=>{"nombre"=>"Jose", "genero"=>"Rockero", "telefono"=>"99999999"}, "commit"=>"Create Client"}
  [1m[36m (0.1ms)[0m  [1mbegin transaction[0m
  [1m[35mSQL (0.5ms)[0m  INSERT INTO "clients" ("nombre", "genero", "telefono", "created_at", "updated_at") VALUES (?, ?, ?, ?, ?)  [["nombre", "Jose"], ["genero", "Rockero"], ["telefono", 99999999], ["created_at", "2015-11-19 17:28:06.051975"], ["updated_at", "2015-11-19 17:28:06.051975"]]
  [1m[36m (148.0ms)[0m  [1mcommit transaction[0m
Redirected to http://localhost:3000/clients/1
Completed 302 Found in 183ms (ActiveRecord: 148.6ms)


Started GET "/clients/1" for 127.0.0.1 at 2015-11-19 11:28:06 -0600
Processing by ClientsController#show as HTML
  Parameters: {"id"=>"1"}
  [1m[35mClient Load (5.2ms)[0m  SELECT  "clients".* FROM "clients" WHERE "clients"."id" = ? LIMIT 1  [["id", 1]]
  Rendered clients/show.html.erb within layouts/application (2.1ms)
Completed 200 OK in 132ms (Views: 96.2ms | ActiveRecord: 5.2ms)


Started GET "/clients" for 127.0.0.1 at 2015-11-19 11:28:08 -0600
Processing by ClientsController#index as HTML
  [1m[36mClient Load (0.2ms)[0m  [1mSELECT "clients".* FROM "clients"[0m
  Rendered clients/index.html.erb within layouts/application (7.6ms)
Completed 200 OK in 92ms (Views: 90.7ms | ActiveRecord: 0.2ms)
  [1m[36mProduct Load (3.0ms)[0m  [1mSELECT "products".* FROM "products"[0m
  [1m[35mClient Load (0.6ms)[0m  SELECT "clients".* FROM "clients"


Started GET "/clients" for 127.0.0.1 at 2015-11-19 11:38:24 -0600
  [1m[36mActiveRecord::SchemaMigration Load (0.8ms)[0m  [1mSELECT "schema_migrations".* FROM "schema_migrations"[0m
Processing by ClientsController#index as HTML
  [1m[35mClient Load (0.5ms)[0m  SELECT "clients".* FROM "clients"
  Rendered clients/index.html.erb within layouts/application (13.8ms)
Completed 200 OK in 348ms (Views: 295.3ms | ActiveRecord: 1.2ms)


Started GET "/" for 127.0.0.1 at 2015-11-19 11:38:35 -0600
Processing by Rails::WelcomeController#index as HTML
  Rendered /home/angie/.rvm/gems/ruby-2.2.1/gems/railties-4.2.5/lib/rails/templates/rails/welcome/index.html.erb (1.4ms)
Completed 200 OK in 14ms (Views: 12.7ms | ActiveRecord: 0.0ms)


Started GET "/sells" for 127.0.0.1 at 2015-11-19 11:38:41 -0600
Processing by SellsController#index as HTML
Completed 500 Internal Server Error in 22ms (ActiveRecord: 0.0ms)

NoMethodError (undefined method `arity' for :client:Symbol):
  app/models/sell.rb:2:in `<class:Sell>'
  app/models/sell.rb:1:in `<top (required)>'
  app/controllers/sells_controller.rb:7:in `index'


  Rendered /home/angie/.rvm/gems/ruby-2.2.1/gems/actionpack-4.2.5/lib/action_dispatch/middleware/templates/rescues/_source.erb (8.2ms)
  Rendered /home/angie/.rvm/gems/ruby-2.2.1/gems/actionpack-4.2.5/lib/action_dispatch/middleware/templates/rescues/_trace.html.erb (3.6ms)
  Rendered /home/angie/.rvm/gems/ruby-2.2.1/gems/actionpack-4.2.5/lib/action_dispatch/middleware/templates/rescues/_request_and_response.html.erb (1.4ms)
  Rendered /home/angie/.rvm/gems/ruby-2.2.1/gems/actionpack-4.2.5/lib/action_dispatch/middleware/templates/rescues/diagnostics.html.erb within rescues/layout (33.0ms)
  Rendered /home/angie/.rvm/gems/ruby-2.2.1/gems/web-console-2.2.1/lib/web_console/templates/_markup.html.erb (0.8ms)
  Rendered /home/angie/.rvm/gems/ruby-2.2.1/gems/web-console-2.2.1/lib/web_console/templates/_inner_console_markup.html.erb within layouts/inlined_string (0.8ms)
  Rendered /home/angie/.rvm/gems/ruby-2.2.1/gems/web-console-2.2.1/lib/web_console/templates/_prompt_box_markup.html.erb within layouts/inlined_string (0.5ms)
  Rendered /home/angie/.rvm/gems/ruby-2.2.1/gems/web-console-2.2.1/lib/web_console/templates/style.css.erb within layouts/inlined_string (57.0ms)
  Rendered /home/angie/.rvm/gems/ruby-2.2.1/gems/web-console-2.2.1/lib/web_console/templates/console.js.erb within layouts/javascript (79.3ms)
  Rendered /home/angie/.rvm/gems/ruby-2.2.1/gems/web-console-2.2.1/lib/web_console/templates/main.js.erb within layouts/javascript (0.5ms)
  Rendered /home/angie/.rvm/gems/ruby-2.2.1/gems/web-console-2.2.1/lib/web_console/templates/error_page.js.erb within layouts/javascript (0.7ms)
  Rendered /home/angie/.rvm/gems/ruby-2.2.1/gems/web-console-2.2.1/lib/web_console/templates/index.html.erb (114.3ms)


Started GET "/sells" for 127.0.0.1 at 2015-11-19 11:39:26 -0600
Processing by SellsController#index as HTML
  [1m[36mSell Load (2.1ms)[0m  [1mSELECT "sells".* FROM "sells"[0m
  Rendered sells/index.html.erb within layouts/application (11.3ms)
Completed 200 OK in 94ms (Views: 87.4ms | ActiveRecord: 2.3ms)


Started GET "/sells/new" for 127.0.0.1 at 2015-11-19 11:39:31 -0600
Processing by SellsController#new as HTML
  Rendered sells/_form.html.erb (73.5ms)
  Rendered sells/new.html.erb within layouts/application (75.5ms)
Completed 200 OK in 191ms (Views: 157.4ms | ActiveRecord: 0.5ms)


Started GET "/sells" for 127.0.0.1 at 2015-11-19 11:42:00 -0600
Processing by SellsController#index as HTML
  [1m[35mSell Load (0.2ms)[0m  SELECT "sells".* FROM "sells"
  Rendered sells/index.html.erb within layouts/application (1.8ms)
Completed 200 OK in 119ms (Views: 116.4ms | ActiveRecord: 0.2ms)


Started GET "/sells/new" for 127.0.0.1 at 2015-11-19 11:42:02 -0600
Processing by SellsController#new as HTML
  Rendered sells/_form.html.erb (42.5ms)
  Rendered sells/new.html.erb within layouts/application (43.6ms)
Completed 500 Internal Server Error in 52ms (ActiveRecord: 0.0ms)

ActionView::Template::Error (undefined method `cliente' for #<Sell:0x007f8df161d588>):
    29:   </div>
    30:  <div class="field">
    31:     <%= f.label :cliente_id %><br>
    32:     <%= f.text_field :cliente %>
    33:   </div>
    34:  
    35:  <div class="actions">
  app/views/sells/_form.html.erb:32:in `block in _app_views_sells__form_html_erb__2065964794640772598_70123808615840'
  app/views/sells/_form.html.erb:1:in `_app_views_sells__form_html_erb__2065964794640772598_70123808615840'
  app/views/sells/new.html.erb:3:in `_app_views_sells_new_html_erb___4049167688568079344_70123805254840'


  Rendered /home/angie/.rvm/gems/ruby-2.2.1/gems/actionpack-4.2.5/lib/action_dispatch/middleware/templates/rescues/_source.erb (30.8ms)
  Rendered /home/angie/.rvm/gems/ruby-2.2.1/gems/actionpack-4.2.5/lib/action_dispatch/middleware/templates/rescues/_trace.html.erb (10.9ms)
  Rendered /home/angie/.rvm/gems/ruby-2.2.1/gems/actionpack-4.2.5/lib/action_dispatch/middleware/templates/rescues/_request_and_response.html.erb (3.3ms)
  Rendered /home/angie/.rvm/gems/ruby-2.2.1/gems/actionpack-4.2.5/lib/action_dispatch/middleware/templates/rescues/template_error.html.erb within rescues/layout (93.8ms)
  Rendered /home/angie/.rvm/gems/ruby-2.2.1/gems/web-console-2.2.1/lib/web_console/templates/_markup.html.erb (1.3ms)
  Rendered /home/angie/.rvm/gems/ruby-2.2.1/gems/web-console-2.2.1/lib/web_console/templates/_inner_console_markup.html.erb within layouts/inlined_string (0.5ms)
  Rendered /home/angie/.rvm/gems/ruby-2.2.1/gems/web-console-2.2.1/lib/web_console/templates/_prompt_box_markup.html.erb within layouts/inlined_string (0.5ms)
  Rendered /home/angie/.rvm/gems/ruby-2.2.1/gems/web-console-2.2.1/lib/web_console/templates/style.css.erb within layouts/inlined_string (0.8ms)
  Rendered /home/angie/.rvm/gems/ruby-2.2.1/gems/web-console-2.2.1/lib/web_console/templates/console.js.erb within layouts/javascript (49.5ms)
  Rendered /home/angie/.rvm/gems/ruby-2.2.1/gems/web-console-2.2.1/lib/web_console/templates/main.js.erb within layouts/javascript (0.8ms)
  Rendered /home/angie/.rvm/gems/ruby-2.2.1/gems/web-console-2.2.1/lib/web_console/templates/error_page.js.erb within layouts/javascript (1.1ms)
  Rendered /home/angie/.rvm/gems/ruby-2.2.1/gems/web-console-2.2.1/lib/web_console/templates/index.html.erb (86.8ms)


Started GET "/sells/new" for 127.0.0.1 at 2015-11-19 11:42:36 -0600
Processing by SellsController#new as HTML
  Rendered sells/_form.html.erb (43.6ms)
  Rendered sells/new.html.erb within layouts/application (45.0ms)
Completed 200 OK in 103ms (Views: 101.9ms | ActiveRecord: 0.0ms)


Started GET "/sells/new" for 127.0.0.1 at 2015-11-19 11:42:37 -0600
Processing by SellsController#new as HTML
  Rendered sells/_form.html.erb (22.7ms)
  Rendered sells/new.html.erb within layouts/application (35.9ms)
Completed 200 OK in 94ms (Views: 92.4ms | ActiveRecord: 0.0ms)


Started POST "/sells" for 127.0.0.1 at 2015-11-19 11:43:29 -0600
Processing by SellsController#create as HTML
  Parameters: {"utf8"=>"✓", "authenticity_token"=>"lCRtw/1OfnbmtbY1uStalxvrvklutJRFqIITd7m/2O0+XDNkEuQAC4Bz9AhjVOTQyxdkpWcMdB6OknYTPU6ETg==", "sell"=>{"prod_id"=>"1", "fecha_v(1i)"=>"2015", "fecha_v(2i)"=>"11", "fecha_v(3i)"=>"19", "cantidad"=>"2", "total"=>"4", "client"=>"1"}, "commit"=>"Create Sell"}
Unpermitted parameter: client
  [1m[36m (0.2ms)[0m  [1mbegin transaction[0m
  [1m[35mSQL (0.5ms)[0m  INSERT INTO "sells" ("prod_id", "cantidad", "total", "fecha_v", "created_at", "updated_at") VALUES (?, ?, ?, ?, ?, ?)  [["prod_id", 1], ["cantidad", 2], ["total", 4.0], ["fecha_v", "2015-11-19"], ["created_at", "2015-11-19 17:43:29.625682"], ["updated_at", "2015-11-19 17:43:29.625682"]]
  [1m[36m (225.4ms)[0m  [1mcommit transaction[0m
Redirected to http://localhost:3000/sells/1
Completed 302 Found in 252ms (ActiveRecord: 226.1ms)


Started GET "/sells/1" for 127.0.0.1 at 2015-11-19 11:43:30 -0600
Processing by SellsController#show as HTML
  Parameters: {"id"=>"1"}
  [1m[35mSell Load (4.8ms)[0m  SELECT  "sells".* FROM "sells" WHERE "sells"."id" = ? LIMIT 1  [["id", 1]]
  Rendered sells/show.html.erb within layouts/application (1.8ms)
Completed 200 OK in 82ms (Views: 63.4ms | ActiveRecord: 4.8ms)
  [1m[36mSell Load (3.2ms)[0m  [1mSELECT "sells".* FROM "sells"[0m


Started GET "/sells" for 127.0.0.1 at 2015-11-19 11:50:47 -0600
  [1m[36mActiveRecord::SchemaMigration Load (0.2ms)[0m  [1mSELECT "schema_migrations".* FROM "schema_migrations"[0m
Processing by SellsController#index as HTML
Completed 500 Internal Server Error in 51ms (ActiveRecord: 3.6ms)

NoMethodError (undefined method `attr_accessible' for #<Class:0x00000002093560>):
  app/models/sell.rb:2:in `<class:Sell>'
  app/models/sell.rb:1:in `<top (required)>'
  app/controllers/sells_controller.rb:7:in `index'


  Rendered /home/angie/.rvm/gems/ruby-2.2.1/gems/actionpack-4.2.5/lib/action_dispatch/middleware/templates/rescues/_source.erb (18.5ms)
  Rendered /home/angie/.rvm/gems/ruby-2.2.1/gems/actionpack-4.2.5/lib/action_dispatch/middleware/templates/rescues/_trace.html.erb (9.5ms)
  Rendered /home/angie/.rvm/gems/ruby-2.2.1/gems/actionpack-4.2.5/lib/action_dispatch/middleware/templates/rescues/_request_and_response.html.erb (4.4ms)
  Rendered /home/angie/.rvm/gems/ruby-2.2.1/gems/actionpack-4.2.5/lib/action_dispatch/middleware/templates/rescues/diagnostics.html.erb within rescues/layout (80.1ms)
  Rendered /home/angie/.rvm/gems/ruby-2.2.1/gems/web-console-2.2.1/lib/web_console/templates/_markup.html.erb (0.9ms)
  Rendered /home/angie/.rvm/gems/ruby-2.2.1/gems/web-console-2.2.1/lib/web_console/templates/_inner_console_markup.html.erb within layouts/inlined_string (0.7ms)
  Rendered /home/angie/.rvm/gems/ruby-2.2.1/gems/web-console-2.2.1/lib/web_console/templates/_prompt_box_markup.html.erb within layouts/inlined_string (0.6ms)
  Rendered /home/angie/.rvm/gems/ruby-2.2.1/gems/web-console-2.2.1/lib/web_console/templates/style.css.erb within layouts/inlined_string (0.7ms)
  Rendered /home/angie/.rvm/gems/ruby-2.2.1/gems/web-console-2.2.1/lib/web_console/templates/console.js.erb within layouts/javascript (54.3ms)
  Rendered /home/angie/.rvm/gems/ruby-2.2.1/gems/web-console-2.2.1/lib/web_console/templates/main.js.erb within layouts/javascript (0.6ms)
  Rendered /home/angie/.rvm/gems/ruby-2.2.1/gems/web-console-2.2.1/lib/web_console/templates/error_page.js.erb within layouts/javascript (0.7ms)
  Rendered /home/angie/.rvm/gems/ruby-2.2.1/gems/web-console-2.2.1/lib/web_console/templates/index.html.erb (99.2ms)


Started GET "/" for 127.0.0.1 at 2015-11-19 17:24:30 -0600
  [1m[36mActiveRecord::SchemaMigration Load (1.4ms)[0m  [1mSELECT "schema_migrations".* FROM "schema_migrations"[0m
Processing by Rails::WelcomeController#index as HTML
  Rendered /home/angie/.rvm/gems/ruby-2.2.1/gems/railties-4.2.5/lib/rails/templates/rails/welcome/index.html.erb (3.7ms)
Completed 200 OK in 115ms (Views: 66.3ms | ActiveRecord: 0.0ms)


Started GET "/Sells" for 127.0.0.1 at 2015-11-19 17:25:27 -0600

ActionController::RoutingError (No route matches [GET] "/Sells"):
  actionpack (4.2.5) lib/action_dispatch/middleware/debug_exceptions.rb:21:in `call'
  web-console (2.2.1) lib/web_console/middleware.rb:39:in `call'
  actionpack (4.2.5) lib/action_dispatch/middleware/show_exceptions.rb:30:in `call'
  railties (4.2.5) lib/rails/rack/logger.rb:38:in `call_app'
  railties (4.2.5) lib/rails/rack/logger.rb:20:in `block in call'
  activesupport (4.2.5) lib/active_support/tagged_logging.rb:68:in `block in tagged'
  activesupport (4.2.5) lib/active_support/tagged_logging.rb:26:in `tagged'
  activesupport (4.2.5) lib/active_support/tagged_logging.rb:68:in `tagged'
  railties (4.2.5) lib/rails/rack/logger.rb:20:in `call'
  actionpack (4.2.5) lib/action_dispatch/middleware/request_id.rb:21:in `call'
  rack (1.6.4) lib/rack/methodoverride.rb:22:in `call'
  rack (1.6.4) lib/rack/runtime.rb:18:in `call'
  activesupport (4.2.5) lib/active_support/cache/strategy/local_cache_middleware.rb:28:in `call'
  rack (1.6.4) lib/rack/lock.rb:17:in `call'
  actionpack (4.2.5) lib/action_dispatch/middleware/static.rb:116:in `call'
  rack (1.6.4) lib/rack/sendfile.rb:113:in `call'
  railties (4.2.5) lib/rails/engine.rb:518:in `call'
  railties (4.2.5) lib/rails/application.rb:165:in `call'
  rack (1.6.4) lib/rack/lock.rb:17:in `call'
  rack (1.6.4) lib/rack/content_length.rb:15:in `call'
  rack (1.6.4) lib/rack/handler/webrick.rb:88:in `service'
  /home/angie/.rvm/rubies/ruby-2.2.1/lib/ruby/2.2.0/webrick/httpserver.rb:138:in `service'
  /home/angie/.rvm/rubies/ruby-2.2.1/lib/ruby/2.2.0/webrick/httpserver.rb:94:in `run'
  /home/angie/.rvm/rubies/ruby-2.2.1/lib/ruby/2.2.0/webrick/server.rb:294:in `block in start_thread'


  Rendered /home/angie/.rvm/gems/ruby-2.2.1/gems/actionpack-4.2.5/lib/action_dispatch/middleware/templates/rescues/_trace.html.erb (2.8ms)
  Rendered /home/angie/.rvm/gems/ruby-2.2.1/gems/actionpack-4.2.5/lib/action_dispatch/middleware/templates/routes/_route.html.erb (9.9ms)
  Rendered /home/angie/.rvm/gems/ruby-2.2.1/gems/actionpack-4.2.5/lib/action_dispatch/middleware/templates/routes/_table.html.erb (39.4ms)
  Rendered /home/angie/.rvm/gems/ruby-2.2.1/gems/actionpack-4.2.5/lib/action_dispatch/middleware/templates/rescues/_request_and_response.html.erb (3.8ms)
  Rendered /home/angie/.rvm/gems/ruby-2.2.1/gems/actionpack-4.2.5/lib/action_dispatch/middleware/templates/rescues/routing_error.html.erb within rescues/layout (171.6ms)
  Rendered /home/angie/.rvm/gems/ruby-2.2.1/gems/web-console-2.2.1/lib/web_console/templates/_markup.html.erb (1.1ms)
  Rendered /home/angie/.rvm/gems/ruby-2.2.1/gems/web-console-2.2.1/lib/web_console/templates/_inner_console_markup.html.erb within layouts/inlined_string (0.7ms)
  Rendered /home/angie/.rvm/gems/ruby-2.2.1/gems/web-console-2.2.1/lib/web_console/templates/_prompt_box_markup.html.erb within layouts/inlined_string (0.6ms)
  Rendered /home/angie/.rvm/gems/ruby-2.2.1/gems/web-console-2.2.1/lib/web_console/templates/style.css.erb within layouts/inlined_string (2.5ms)
  Rendered /home/angie/.rvm/gems/ruby-2.2.1/gems/web-console-2.2.1/lib/web_console/templates/console.js.erb within layouts/javascript (60.4ms)
  Rendered /home/angie/.rvm/gems/ruby-2.2.1/gems/web-console-2.2.1/lib/web_console/templates/main.js.erb within layouts/javascript (0.5ms)
  Rendered /home/angie/.rvm/gems/ruby-2.2.1/gems/web-console-2.2.1/lib/web_console/templates/error_page.js.erb within layouts/javascript (1.3ms)
  Rendered /home/angie/.rvm/gems/ruby-2.2.1/gems/web-console-2.2.1/lib/web_console/templates/index.html.erb (104.3ms)


Started GET "/sells" for 127.0.0.1 at 2015-11-19 17:25:32 -0600
Processing by SellsController#index as HTML
  [1m[35mSell Load (0.3ms)[0m  SELECT "sells".* FROM "sells"
  Rendered sells/index.html.erb within layouts/application (19.8ms)
Completed 200 OK in 727ms (Views: 683.2ms | ActiveRecord: 0.9ms)


Started GET "/assets/application.self-e80e8f2318043e8af94dddc2adad5a4f09739a8ebb323b3ab31cd71d45fd9113.css?body=1" for 127.0.0.1 at 2015-11-19 17:25:33 -0600


Started GET "/assets/clients.self-e3b0c44298fc1c149afbf4c8996fb92427ae41e4649b934ca495991b7852b855.css?body=1" for 127.0.0.1 at 2015-11-19 17:25:33 -0600


Started GET "/assets/products.self-e3b0c44298fc1c149afbf4c8996fb92427ae41e4649b934ca495991b7852b855.css?body=1" for 127.0.0.1 at 2015-11-19 17:25:33 -0600


Started GET "/assets/scaffolds.self-4c1c54b6a1c1dcf9785f027b01938e6cf1ceec7f49d6dfba12bb0f7f473eb7fe.css?body=1" for 127.0.0.1 at 2015-11-19 17:25:33 -0600


Started GET "/assets/sells.self-e3b0c44298fc1c149afbf4c8996fb92427ae41e4649b934ca495991b7852b855.css?body=1" for 127.0.0.1 at 2015-11-19 17:25:33 -0600


Started GET "/sells/new" for 127.0.0.1 at 2015-11-19 17:25:36 -0600
Processing by SellsController#new as HTML
  Rendered sells/_form.html.erb (189.4ms)
  Rendered sells/new.html.erb within layouts/application (219.6ms)
Completed 200 OK in 339ms (Views: 338.0ms | ActiveRecord: 0.0ms)


Started POST "/sells" for 127.0.0.1 at 2015-11-19 17:25:51 -0600
Processing by SellsController#create as HTML
  Parameters: {"utf8"=>"✓", "authenticity_token"=>"dZS3JePW7oxJ/32epLaWZ27oss+TL4+m4CDrrK5NhFrNu+U7dzAGOREdHODh7rvKVzeFVh3E7fr6t3h4JUNwdg==", "sell"=>{"prod_id"=>"1", "fecha_v(1i)"=>"2015", "fecha_v(2i)"=>"11", "fecha_v(3i)"=>"19", "cantidad"=>"2", "total"=>"10", "client"=>"1"}, "commit"=>"Create Sell"}
Unpermitted parameter: client
  [1m[36m (0.2ms)[0m  [1mbegin transaction[0m
  [1m[35mSQL (0.5ms)[0m  INSERT INTO "sells" ("prod_id", "cantidad", "total", "fecha_v", "created_at", "updated_at") VALUES (?, ?, ?, ?, ?, ?)  [["prod_id", 1], ["cantidad", 2], ["total", 10.0], ["fecha_v", "2015-11-19"], ["created_at", "2015-11-19 23:25:51.021784"], ["updated_at", "2015-11-19 23:25:51.021784"]]
  [1m[36m (165.7ms)[0m  [1mcommit transaction[0m
Redirected to http://localhost:3000/sells/2
Completed 302 Found in 200ms (ActiveRecord: 166.4ms)


Started GET "/sells/2" for 127.0.0.1 at 2015-11-19 17:25:51 -0600
Processing by SellsController#show as HTML
  Parameters: {"id"=>"2"}
  [1m[35mSell Load (0.3ms)[0m  SELECT  "sells".* FROM "sells" WHERE "sells"."id" = ? LIMIT 1  [["id", 2]]
  Rendered sells/show.html.erb within layouts/application (2.4ms)
Completed 200 OK in 235ms (Views: 141.8ms | ActiveRecord: 0.3ms)


Started GET "/sells" for 127.0.0.1 at 2015-11-19 17:25:53 -0600
Processing by SellsController#index as HTML
  [1m[36mSell Load (0.3ms)[0m  [1mSELECT "sells".* FROM "sells"[0m
  Rendered sells/index.html.erb within layouts/application (3.1ms)
Completed 200 OK in 113ms (Views: 111.3ms | ActiveRecord: 0.3ms)
  [1m[36mSell Load (3.7ms)[0m  [1mSELECT "sells".* FROM "sells"[0m


Started GET "/sells" for 127.0.0.1 at 2015-11-19 17:32:17 -0600
  [1m[36mActiveRecord::SchemaMigration Load (0.2ms)[0m  [1mSELECT "schema_migrations".* FROM "schema_migrations"[0m

SyntaxError (/home/angie/Documents/prueba/project/app/controllers/sells_controller.rb:17: syntax error, unexpected '>'
    @sell = Sell.newlabel :cliente_id %><
                                        ^
/home/angie/Documents/prueba/project/app/controllers/sells_controller.rb:74: syntax error, unexpected end-of-input, expecting keyword_end):
  app/controllers/sells_controller.rb:17: syntax error, unexpected '>'
  app/controllers/sells_controller.rb:74: syntax error, unexpected end-of-input, expecting keyword_end


  Rendered /home/angie/.rvm/gems/ruby-2.2.1/gems/actionpack-4.2.5/lib/action_dispatch/middleware/templates/rescues/_source.erb (7.0ms)
  Rendered /home/angie/.rvm/gems/ruby-2.2.1/gems/actionpack-4.2.5/lib/action_dispatch/middleware/templates/rescues/_trace.html.erb (14.8ms)
  Rendered /home/angie/.rvm/gems/ruby-2.2.1/gems/actionpack-4.2.5/lib/action_dispatch/middleware/templates/rescues/_request_and_response.html.erb (34.0ms)
  Rendered /home/angie/.rvm/gems/ruby-2.2.1/gems/actionpack-4.2.5/lib/action_dispatch/middleware/templates/rescues/diagnostics.html.erb within rescues/layout (89.8ms)
  Rendered /home/angie/.rvm/gems/ruby-2.2.1/gems/web-console-2.2.1/lib/web_console/templates/_markup.html.erb (0.6ms)
  Rendered /home/angie/.rvm/gems/ruby-2.2.1/gems/web-console-2.2.1/lib/web_console/templates/_inner_console_markup.html.erb within layouts/inlined_string (0.7ms)
  Rendered /home/angie/.rvm/gems/ruby-2.2.1/gems/web-console-2.2.1/lib/web_console/templates/_prompt_box_markup.html.erb within layouts/inlined_string (0.7ms)
  Rendered /home/angie/.rvm/gems/ruby-2.2.1/gems/web-console-2.2.1/lib/web_console/templates/style.css.erb within layouts/inlined_string (2.7ms)
  Rendered /home/angie/.rvm/gems/ruby-2.2.1/gems/web-console-2.2.1/lib/web_console/templates/console.js.erb within layouts/javascript (64.0ms)
  Rendered /home/angie/.rvm/gems/ruby-2.2.1/gems/web-console-2.2.1/lib/web_console/templates/main.js.erb within layouts/javascript (0.7ms)
  Rendered /home/angie/.rvm/gems/ruby-2.2.1/gems/web-console-2.2.1/lib/web_console/templates/error_page.js.erb within layouts/javascript (0.8ms)
  Rendered /home/angie/.rvm/gems/ruby-2.2.1/gems/web-console-2.2.1/lib/web_console/templates/index.html.erb (130.7ms)


Started GET "/sells" for 127.0.0.1 at 2015-11-19 17:33:26 -0600
Processing by SellsController#index as HTML
  [1m[35mSell Load (2.9ms)[0m  SELECT "sells".* FROM "sells"
  Rendered sells/index.html.erb within layouts/application (42.1ms)
Completed 200 OK in 754ms (Views: 735.4ms | ActiveRecord: 3.9ms)


Started GET "/sells" for 127.0.0.1 at 2015-11-19 17:33:27 -0600
Processing by SellsController#index as HTML
  [1m[36mSell Load (0.3ms)[0m  [1mSELECT "sells".* FROM "sells"[0m
  Rendered sells/index.html.erb within layouts/application (11.0ms)
Completed 200 OK in 61ms (Views: 59.8ms | ActiveRecord: 0.3ms)


Started GET "/sells/new" for 127.0.0.1 at 2015-11-19 17:33:29 -0600
Processing by SellsController#new as HTML
  Rendered sells/_form.html.erb (82.5ms)
  Rendered sells/new.html.erb within layouts/application (84.2ms)
Completed 200 OK in 141ms (Views: 139.3ms | ActiveRecord: 0.0ms)


Started POST "/sells" for 127.0.0.1 at 2015-11-19 17:33:40 -0600
Processing by SellsController#create as HTML
  Parameters: {"utf8"=>"✓", "authenticity_token"=>"QoZapwglRuxz/8p8OIJT+rdwhZwIh7Z1dmUL7m49qnD6qQi5nMOuWSsdqwJ92n5Xjq+yBYZs1Cls8pg65TNeXA==", "sell"=>{"prod_id"=>"1", "fecha_v(1i)"=>"2015", "fecha_v(2i)"=>"11", "fecha_v(3i)"=>"20", "cantidad"=>"2", "total"=>"1", "client"=>"1"}, "commit"=>"Create Sell"}
Unpermitted parameter: client
  [1m[35m (0.1ms)[0m  begin transaction
  [1m[36mSQL (0.8ms)[0m  [1mINSERT INTO "sells" ("prod_id", "cantidad", "total", "fecha_v", "created_at", "updated_at") VALUES (?, ?, ?, ?, ?, ?)[0m  [["prod_id", 1], ["cantidad", 2], ["total", 1.0], ["fecha_v", "2015-11-20"], ["created_at", "2015-11-19 23:33:41.004537"], ["updated_at", "2015-11-19 23:33:41.004537"]]
  [1m[35m (155.9ms)[0m  commit transaction
Redirected to http://localhost:3000/sells/3
Completed 302 Found in 187ms (ActiveRecord: 156.8ms)


Started GET "/sells/3" for 127.0.0.1 at 2015-11-19 17:33:41 -0600
Processing by SellsController#show as HTML
  Parameters: {"id"=>"3"}
  [1m[36mSell Load (0.3ms)[0m  [1mSELECT  "sells".* FROM "sells" WHERE "sells"."id" = ? LIMIT 1[0m  [["id", 3]]
  Rendered sells/show.html.erb within layouts/application (2.2ms)
Completed 200 OK in 85ms (Views: 59.9ms | ActiveRecord: 0.3ms)


Started GET "/sells" for 127.0.0.1 at 2015-11-19 17:33:48 -0600
Processing by SellsController#index as HTML
  [1m[35mSell Load (0.3ms)[0m  SELECT "sells".* FROM "sells"
  Rendered sells/index.html.erb within layouts/application (7.4ms)
Completed 200 OK in 86ms (Views: 84.9ms | ActiveRecord: 0.3ms)
  [1m[36mSell Load (3.6ms)[0m  [1mSELECT "sells".* FROM "sells"[0m
  [1m[36mActiveRecord::SchemaMigration Load (0.2ms)[0m  [1mSELECT "schema_migrations".* FROM "schema_migrations"[0m
  [1m[35mActiveRecord::SchemaMigration Load (0.2ms)[0m  SELECT "schema_migrations".* FROM "schema_migrations"


Started GET "/sells" for 127.0.0.1 at 2015-11-19 17:36:24 -0600
  [1m[36mActiveRecord::SchemaMigration Load (0.5ms)[0m  [1mSELECT "schema_migrations".* FROM "schema_migrations"[0m
Processing by SellsController#index as HTML
  [1m[35mSell Load (0.7ms)[0m  SELECT "sells".* FROM "sells"
  Rendered sells/index.html.erb within layouts/application (20.3ms)
Completed 200 OK in 304ms (Views: 269.6ms | ActiveRecord: 1.4ms)


Started GET "/sells/1" for 127.0.0.1 at 2015-11-19 17:36:27 -0600
Processing by SellsController#show as HTML
  Parameters: {"id"=>"1"}
  [1m[36mSell Load (4.4ms)[0m  [1mSELECT  "sells".* FROM "sells" WHERE "sells"."id" = ? LIMIT 1[0m  [["id", 1]]
  Rendered sells/show.html.erb within layouts/application (6.1ms)
Completed 200 OK in 89ms (Views: 52.1ms | ActiveRecord: 4.4ms)


Started GET "/sells" for 127.0.0.1 at 2015-11-19 17:36:30 -0600
Processing by SellsController#index as HTML
  [1m[35mSell Load (9.5ms)[0m  SELECT "sells".* FROM "sells"
  Rendered sells/index.html.erb within layouts/application (16.6ms)
Completed 200 OK in 78ms (Views: 67.6ms | ActiveRecord: 9.5ms)


Started GET "/sells" for 127.0.0.1 at 2015-11-19 17:36:30 -0600
Processing by SellsController#index as HTML
  [1m[36mSell Load (0.3ms)[0m  [1mSELECT "sells".* FROM "sells"[0m
  Rendered sells/index.html.erb within layouts/application (11.0ms)
Completed 200 OK in 85ms (Views: 82.9ms | ActiveRecord: 0.3ms)


Started GET "/sells/2" for 127.0.0.1 at 2015-11-19 17:36:31 -0600
Processing by SellsController#show as HTML
  Parameters: {"id"=>"2"}
  [1m[35mSell Load (0.2ms)[0m  SELECT  "sells".* FROM "sells" WHERE "sells"."id" = ? LIMIT 1  [["id", 2]]
  Rendered sells/show.html.erb within layouts/application (0.6ms)
Completed 200 OK in 78ms (Views: 68.8ms | ActiveRecord: 0.2ms)


Started GET "/sells/2" for 127.0.0.1 at 2015-11-19 17:36:31 -0600
Processing by SellsController#show as HTML
  Parameters: {"id"=>"2"}
  [1m[36mSell Load (0.2ms)[0m  [1mSELECT  "sells".* FROM "sells" WHERE "sells"."id" = ? LIMIT 1[0m  [["id", 2]]
  Rendered sells/show.html.erb within layouts/application (0.7ms)
Completed 200 OK in 69ms (Views: 66.7ms | ActiveRecord: 0.2ms)


Started GET "/sells" for 127.0.0.1 at 2015-11-19 17:36:33 -0600
Processing by SellsController#index as HTML
  [1m[35mSell Load (0.3ms)[0m  SELECT "sells".* FROM "sells"
  Rendered sells/index.html.erb within layouts/application (6.8ms)
Completed 200 OK in 80ms (Views: 78.5ms | ActiveRecord: 0.3ms)


Started GET "/sells/3" for 127.0.0.1 at 2015-11-19 17:36:36 -0600
Processing by SellsController#show as HTML
  Parameters: {"id"=>"3"}
  [1m[36mSell Load (0.1ms)[0m  [1mSELECT  "sells".* FROM "sells" WHERE "sells"."id" = ? LIMIT 1[0m  [["id", 3]]
  Rendered sells/show.html.erb within layouts/application (5.0ms)
Completed 200 OK in 82ms (Views: 74.1ms | ActiveRecord: 0.1ms)


Started GET "/sells/3" for 127.0.0.1 at 2015-11-19 17:36:36 -0600
Processing by SellsController#show as HTML
  Parameters: {"id"=>"3"}
  [1m[35mSell Load (0.2ms)[0m  SELECT  "sells".* FROM "sells" WHERE "sells"."id" = ? LIMIT 1  [["id", 3]]
  Rendered sells/show.html.erb within layouts/application (0.7ms)
Completed 200 OK in 73ms (Views: 71.0ms | ActiveRecord: 0.2ms)


Started GET "/sells" for 127.0.0.1 at 2015-11-19 17:36:39 -0600
Processing by SellsController#index as HTML
  [1m[36mSell Load (0.3ms)[0m  [1mSELECT "sells".* FROM "sells"[0m
  Rendered sells/index.html.erb within layouts/application (6.5ms)
Completed 200 OK in 69ms (Views: 67.3ms | ActiveRecord: 0.3ms)


Started GET "/sells" for 127.0.0.1 at 2015-11-19 17:36:39 -0600
Processing by SellsController#index as HTML
  [1m[35mSell Load (0.4ms)[0m  SELECT "sells".* FROM "sells"
  Rendered sells/index.html.erb within layouts/application (19.7ms)
Completed 200 OK in 110ms (Views: 104.2ms | ActiveRecord: 0.4ms)


Started GET "/sells/new" for 127.0.0.1 at 2015-11-19 17:36:42 -0600
Processing by SellsController#new as HTML
  Rendered sells/_form.html.erb (100.3ms)
  Rendered sells/new.html.erb within layouts/application (119.5ms)
Completed 200 OK in 207ms (Views: 205.7ms | ActiveRecord: 0.0ms)


Started GET "/sells/new" for 127.0.0.1 at 2015-11-19 17:36:42 -0600
Processing by SellsController#new as HTML
  Rendered sells/_form.html.erb (60.6ms)
  Rendered sells/new.html.erb within layouts/application (63.2ms)
Completed 200 OK in 154ms (Views: 153.0ms | ActiveRecord: 0.0ms)


Started POST "/sells" for 127.0.0.1 at 2015-11-19 17:36:50 -0600
Processing by SellsController#create as HTML
  Parameters: {"utf8"=>"✓", "authenticity_token"=>"j6nTQw3impZOXJwJ2nPW9UcMH45bY/h/WssLaPrn+L83hoFdmQRyIxa+/XefK/tYftMoF9WImiNAXJi8cekMkw==", "sell"=>{"prod_id"=>"1", "fecha_v(1i)"=>"2015", "fecha_v(2i)"=>"11", "fecha_v(3i)"=>"19", "cantidad"=>"1", "total"=>"1", "client"=>"1"}, "commit"=>"Create Sell"}
Unpermitted parameter: client
  [1m[36m (0.1ms)[0m  [1mbegin transaction[0m
  [1m[35mSQL (2.5ms)[0m  INSERT INTO "sells" ("prod_id", "cantidad", "total", "fecha_v", "created_at", "updated_at") VALUES (?, ?, ?, ?, ?, ?)  [["prod_id", 1], ["cantidad", 1], ["total", 1.0], ["fecha_v", "2015-11-19"], ["created_at", "2015-11-19 23:36:50.811871"], ["updated_at", "2015-11-19 23:36:50.811871"]]
  [1m[36m (191.6ms)[0m  [1mcommit transaction[0m
Redirected to http://localhost:3000/sells/4
Completed 302 Found in 229ms (ActiveRecord: 194.3ms)


Started GET "/sells/4" for 127.0.0.1 at 2015-11-19 17:36:51 -0600
Processing by SellsController#show as HTML
  Parameters: {"id"=>"4"}
  [1m[35mSell Load (7.2ms)[0m  SELECT  "sells".* FROM "sells" WHERE "sells"."id" = ? LIMIT 1  [["id", 4]]
  Rendered sells/show.html.erb within layouts/application (5.8ms)
Completed 200 OK in 108ms (Views: 98.3ms | ActiveRecord: 7.2ms)


Started GET "/sells" for 127.0.0.1 at 2015-11-19 17:36:55 -0600
Processing by SellsController#index as HTML
  [1m[36mSell Load (0.3ms)[0m  [1mSELECT "sells".* FROM "sells"[0m
  Rendered sells/index.html.erb within layouts/application (11.7ms)
Completed 200 OK in 136ms (Views: 134.5ms | ActiveRecord: 0.3ms)


Started GET "/sells" for 127.0.0.1 at 2015-11-19 17:38:13 -0600
Processing by SellsController#index as HTML
  [1m[35mSell Load (0.5ms)[0m  SELECT "sells".* FROM "sells"
  Rendered sells/index.html.erb within layouts/application (41.4ms)
Completed 200 OK in 135ms (Views: 126.0ms | ActiveRecord: 3.0ms)


Started GET "/sells/new" for 127.0.0.1 at 2015-11-19 17:38:16 -0600
Processing by SellsController#new as HTML
  Rendered sells/_form.html.erb (42.4ms)
  Rendered sells/new.html.erb within layouts/application (47.1ms)
Completed 200 OK in 128ms (Views: 126.6ms | ActiveRecord: 0.0ms)


Started POST "/sells" for 127.0.0.1 at 2015-11-19 17:38:23 -0600
Processing by SellsController#create as HTML
  Parameters: {"utf8"=>"✓", "authenticity_token"=>"tZaZk4c4JeV/x7PCdbNitjZyyWG8j3K7IeK4bTJro2MNucuNE97NUCcl0rww608bD63++DJkEOc7dSu5uWVXTw==", "sell"=>{"prod_id"=>"1", "fecha_v(1i)"=>"2015", "fecha_v(2i)"=>"11", "fecha_v(3i)"=>"19", "cantidad"=>"1", "total"=>"1", "client"=>"1"}, "commit"=>"Create Sell"}
Unpermitted parameter: client
  [1m[36m (0.4ms)[0m  [1mbegin transaction[0m
  [1m[35mSQL (0.7ms)[0m  INSERT INTO "sells" ("prod_id", "cantidad", "total", "fecha_v", "created_at", "updated_at") VALUES (?, ?, ?, ?, ?, ?)  [["prod_id", 1], ["cantidad", 1], ["total", 1.0], ["fecha_v", "2015-11-19"], ["created_at", "2015-11-19 23:38:23.057323"], ["updated_at", "2015-11-19 23:38:23.057323"]]
  [1m[36m (140.6ms)[0m  [1mcommit transaction[0m
Redirected to http://localhost:3000/sells/5
Completed 302 Found in 160ms (ActiveRecord: 141.7ms)


Started GET "/sells/5" for 127.0.0.1 at 2015-11-19 17:38:23 -0600
Processing by SellsController#show as HTML
  Parameters: {"id"=>"5"}
  [1m[35mSell Load (0.4ms)[0m  SELECT  "sells".* FROM "sells" WHERE "sells"."id" = ? LIMIT 1  [["id", 5]]
  Rendered sells/show.html.erb within layouts/application (1.2ms)
Completed 200 OK in 81ms (Views: 77.2ms | ActiveRecord: 0.4ms)


Started GET "/sells" for 127.0.0.1 at 2015-11-19 17:38:28 -0600
Processing by SellsController#index as HTML
  [1m[36mSell Load (0.3ms)[0m  [1mSELECT "sells".* FROM "sells"[0m
  Rendered sells/index.html.erb within layouts/application (12.3ms)
Completed 200 OK in 73ms (Views: 71.3ms | ActiveRecord: 0.3ms)
  [1m[36mActiveRecord::SchemaMigration Load (0.2ms)[0m  [1mSELECT "schema_migrations".* FROM "schema_migrations"[0m
  [1m[35mActiveRecord::SchemaMigration Load (0.2ms)[0m  SELECT "schema_migrations".* FROM "schema_migrations"


Started GET "/sells/new" for 127.0.0.1 at 2015-11-19 17:40:37 -0600
  [1m[36mActiveRecord::SchemaMigration Load (2.9ms)[0m  [1mSELECT "schema_migrations".* FROM "schema_migrations"[0m
Processing by SellsController#new as HTML
  Rendered sells/_form.html.erb (95.4ms)
  Rendered sells/new.html.erb within layouts/application (107.1ms)
Completed 200 OK in 674ms (Views: 607.0ms | ActiveRecord: 4.7ms)


Started GET "/sells/new" for 127.0.0.1 at 2015-11-19 17:40:38 -0600
Processing by SellsController#new as HTML
  Rendered sells/_form.html.erb (27.0ms)
  Rendered sells/new.html.erb within layouts/application (30.5ms)
Completed 200 OK in 91ms (Views: 89.9ms | ActiveRecord: 0.0ms)


Started POST "/sells" for 127.0.0.1 at 2015-11-19 17:40:51 -0600
Processing by SellsController#create as HTML
  Parameters: {"utf8"=>"✓", "authenticity_token"=>"zB58jpI0CbMqMZp1HEsTSQd3cuxi3j7tLl8qIUpgA+d0MS6QBtLhBnLT+wtZEz7kPqhFdew1XLE0yLn1wW73yw==", "sell"=>{"prod_id"=>"1", "fecha_v(1i)"=>"2015", "fecha_v(2i)"=>"11", "fecha_v(3i)"=>"19", "cantidad"=>"222", "total"=>"22222", "client"=>"1"}, "commit"=>"Create Sell"}
Unpermitted parameter: client
  [1m[35m (0.2ms)[0m  begin transaction
  [1m[36mSQL (0.5ms)[0m  [1mINSERT INTO "sells" ("prod_id", "cantidad", "total", "fecha_v", "created_at", "updated_at") VALUES (?, ?, ?, ?, ?, ?)[0m  [["prod_id", 1], ["cantidad", 222], ["total", 22222.0], ["fecha_v", "2015-11-19"], ["created_at", "2015-11-19 23:40:51.289443"], ["updated_at", "2015-11-19 23:40:51.289443"]]
  [1m[35m (202.5ms)[0m  commit transaction
Redirected to http://localhost:3000/sells/6
Completed 302 Found in 236ms (ActiveRecord: 203.1ms)


Started GET "/sells/6" for 127.0.0.1 at 2015-11-19 17:40:51 -0600
Processing by SellsController#show as HTML
  Parameters: {"id"=>"6"}
  [1m[36mSell Load (0.5ms)[0m  [1mSELECT  "sells".* FROM "sells" WHERE "sells"."id" = ? LIMIT 1[0m  [["id", 6]]
  Rendered sells/show.html.erb within layouts/application (1.6ms)
Completed 200 OK in 73ms (Views: 58.2ms | ActiveRecord: 0.5ms)


Started GET "/sells" for 127.0.0.1 at 2015-11-19 17:42:58 -0600
Processing by SellsController#index as HTML
  [1m[35mSell Load (0.5ms)[0m  SELECT "sells".* FROM "sells"
  Rendered sells/index.html.erb within layouts/application (16.3ms)
Completed 200 OK in 70ms (Views: 67.6ms | ActiveRecord: 0.5ms)


Started GET "/sells/new" for 127.0.0.1 at 2015-11-19 17:43:00 -0600
Processing by SellsController#new as HTML
  Rendered sells/_form.html.erb (28.4ms)
  Rendered sells/new.html.erb within layouts/application (33.5ms)
Completed 200 OK in 199ms (Views: 198.2ms | ActiveRecord: 0.0ms)


Started POST "/sells" for 127.0.0.1 at 2015-11-19 17:43:07 -0600
Processing by SellsController#create as HTML
  Parameters: {"utf8"=>"✓", "authenticity_token"=>"/xgPpYUBF7FOr8I46Tr3H03UeP+rGPLWtzcemdSsR91HN127Eef/BBZNo0asYtqydAtPZiXzkIqtoI1NX6Kz8Q==", "sell"=>{"prod_id"=>"1", "fecha_v(1i)"=>"2015", "fecha_v(2i)"=>"11", "fecha_v(3i)"=>"19", "cantidad"=>"1111111111", "total"=>"111", "client"=>"1"}, "commit"=>"Create Sell"}
Unpermitted parameter: client
  [1m[36m (0.2ms)[0m  [1mbegin transaction[0m
  [1m[35mSQL (0.5ms)[0m  INSERT INTO "sells" ("prod_id", "cantidad", "total", "fecha_v", "created_at", "updated_at") VALUES (?, ?, ?, ?, ?, ?)  [["prod_id", 1], ["cantidad", 1111111111], ["total", 111.0], ["fecha_v", "2015-11-19"], ["created_at", "2015-11-19 23:43:07.583998"], ["updated_at", "2015-11-19 23:43:07.583998"]]
  [1m[36m (177.0ms)[0m  [1mcommit transaction[0m
Redirected to http://localhost:3000/sells/7
Completed 302 Found in 191ms (ActiveRecord: 177.7ms)


Started GET "/sells/7" for 127.0.0.1 at 2015-11-19 17:43:07 -0600
Processing by SellsController#show as HTML
  Parameters: {"id"=>"7"}
  [1m[35mSell Load (1.3ms)[0m  SELECT  "sells".* FROM "sells" WHERE "sells"."id" = ? LIMIT 1  [["id", 7]]
  Rendered sells/show.html.erb within layouts/application (3.5ms)
Completed 200 OK in 85ms (Views: 79.9ms | ActiveRecord: 1.3ms)


Started GET "/sells" for 127.0.0.1 at 2015-11-19 17:43:10 -0600
Processing by SellsController#index as HTML
  [1m[36mSell Load (2.5ms)[0m  [1mSELECT "sells".* FROM "sells"[0m
  Rendered sells/index.html.erb within layouts/application (16.8ms)
Completed 200 OK in 91ms (Views: 87.6ms | ActiveRecord: 2.5ms)
  [1m[36mActiveRecord::SchemaMigration Load (0.2ms)[0m  [1mSELECT "schema_migrations".* FROM "schema_migrations"[0m
  [1m[35mActiveRecord::SchemaMigration Load (1.0ms)[0m  SELECT "schema_migrations".* FROM "schema_migrations"
  [1m[36mSell Load (4.1ms)[0m  [1mSELECT "sells".* FROM "sells"[0m


Started GET "/sells/new" for 127.0.0.1 at 2015-11-19 17:44:55 -0600
  [1m[36mActiveRecord::SchemaMigration Load (1.2ms)[0m  [1mSELECT "schema_migrations".* FROM "schema_migrations"[0m
Processing by SellsController#new as HTML
  Rendered sells/_form.html.erb (64.2ms)
  Rendered sells/new.html.erb within layouts/application (73.6ms)
Completed 200 OK in 687ms (Views: 617.7ms | ActiveRecord: 5.7ms)


Started GET "/sells/new" for 127.0.0.1 at 2015-11-19 17:44:57 -0600
Processing by SellsController#new as HTML
  Rendered sells/_form.html.erb (16.9ms)
  Rendered sells/new.html.erb within layouts/application (20.8ms)
Completed 200 OK in 82ms (Views: 80.6ms | ActiveRecord: 0.0ms)


Started POST "/sells" for 127.0.0.1 at 2015-11-19 17:45:06 -0600
Processing by SellsController#create as HTML
  Parameters: {"utf8"=>"✓", "authenticity_token"=>"mmz3AZfSj37OQRlgKGz4DjMkhQ7t+DXant3MdRqTPpciQ6UfAzRny5ajeB5tNNWjCvuyl2MTV4aESl+hkZ3Kuw==", "sell"=>{"prod_id"=>"11", "fecha_v(1i)"=>"2015", "fecha_v(2i)"=>"11", "fecha_v(3i)"=>"19", "cantidad"=>"1", "total"=>"1", "cliente_id"=>"1"}, "commit"=>"Create Sell"}
  [1m[35m (0.2ms)[0m  begin transaction
  [1m[36mSQL (6.1ms)[0m  [1mINSERT INTO "sells" ("prod_id", "cantidad", "total", "cliente_id", "fecha_v", "created_at", "updated_at") VALUES (?, ?, ?, ?, ?, ?, ?)[0m  [["prod_id", 11], ["cantidad", 1], ["total", 1.0], ["cliente_id", 1], ["fecha_v", "2015-11-19"], ["created_at", "2015-11-19 23:45:06.462833"], ["updated_at", "2015-11-19 23:45:06.462833"]]
  [1m[35m (167.4ms)[0m  commit transaction
Redirected to http://localhost:3000/sells/8
Completed 302 Found in 201ms (ActiveRecord: 173.7ms)


Started GET "/sells/8" for 127.0.0.1 at 2015-11-19 17:45:06 -0600
Processing by SellsController#show as HTML
  Parameters: {"id"=>"8"}
  [1m[36mSell Load (0.5ms)[0m  [1mSELECT  "sells".* FROM "sells" WHERE "sells"."id" = ? LIMIT 1[0m  [["id", 8]]
  Rendered sells/show.html.erb within layouts/application (8.1ms)
Completed 200 OK in 121ms (Views: 81.2ms | ActiveRecord: 0.5ms)


Started GET "/sells" for 127.0.0.1 at 2015-11-19 17:45:13 -0600
Processing by SellsController#index as HTML
  [1m[35mSell Load (0.5ms)[0m  SELECT "sells".* FROM "sells"
  Rendered sells/index.html.erb within layouts/application (20.2ms)
Completed 200 OK in 89ms (Views: 87.7ms | ActiveRecord: 0.5ms)


Started GET "/sells/1" for 127.0.0.1 at 2015-11-19 17:45:56 -0600
Processing by SellsController#show as HTML
  Parameters: {"id"=>"1"}
  [1m[36mSell Load (0.3ms)[0m  [1mSELECT  "sells".* FROM "sells" WHERE "sells"."id" = ? LIMIT 1[0m  [["id", 1]]
  Rendered sells/show.html.erb within layouts/application (0.6ms)
Completed 200 OK in 75ms (Views: 69.5ms | ActiveRecord: 0.3ms)


Started GET "/sells" for 127.0.0.1 at 2015-11-19 17:45:58 -0600
Processing by SellsController#index as HTML
  [1m[35mSell Load (0.3ms)[0m  SELECT "sells".* FROM "sells"
  Rendered sells/index.html.erb within layouts/application (12.7ms)
Completed 200 OK in 175ms (Views: 173.9ms | ActiveRecord: 0.3ms)
  [1m[36mSell Load (17.9ms)[0m  [1mSELECT "sells".* FROM "sells"[0m
  [1m[35m (0.3ms)[0m  begin transaction
  [1m[36mSQL (0.6ms)[0m  [1mDELETE FROM "sells" WHERE "sells"."id" = ?[0m  [["id", 1]]
  [1m[35m (195.2ms)[0m  commit transaction
  [1m[36m (0.2ms)[0m  [1mbegin transaction[0m
  [1m[35mSQL (0.5ms)[0m  DELETE FROM "sells" WHERE "sells"."id" = ?  [["id", 2]]
  [1m[36m (186.4ms)[0m  [1mcommit transaction[0m
  [1m[35m (0.1ms)[0m  begin transaction
  [1m[36mSQL (0.2ms)[0m  [1mDELETE FROM "sells" WHERE "sells"."id" = ?[0m  [["id", 3]]
  [1m[35m (290.3ms)[0m  commit transaction
  [1m[36m (0.2ms)[0m  [1mbegin transaction[0m
  [1m[35mSQL (0.4ms)[0m  DELETE FROM "sells" WHERE "sells"."id" = ?  [["id", 4]]
  [1m[36m (198.0ms)[0m  [1mcommit transaction[0m
  [1m[35m (0.4ms)[0m  begin transaction
  [1m[36mSQL (0.4ms)[0m  [1mDELETE FROM "sells" WHERE "sells"."id" = ?[0m  [["id", 5]]
  [1m[35m (165.3ms)[0m  commit transaction
  [1m[36m (0.4ms)[0m  [1mbegin transaction[0m
  [1m[35mSQL (0.4ms)[0m  DELETE FROM "sells" WHERE "sells"."id" = ?  [["id", 6]]
  [1m[36m (165.6ms)[0m  [1mcommit transaction[0m
  [1m[35m (0.2ms)[0m  begin transaction
  [1m[36mSQL (0.4ms)[0m  [1mDELETE FROM "sells" WHERE "sells"."id" = ?[0m  [["id", 7]]
  [1m[35m (141.5ms)[0m  commit transaction
  [1m[36m (0.2ms)[0m  [1mbegin transaction[0m
  [1m[35mSQL (0.4ms)[0m  DELETE FROM "sells" WHERE "sells"."id" = ?  [["id", 8]]
  [1m[36m (165.3ms)[0m  [1mcommit transaction[0m
  [1m[35mSell Load (0.8ms)[0m  SELECT "sells".* FROM "sells"


Started GET "/sells" for 127.0.0.1 at 2015-11-19 17:48:14 -0600
  [1m[36mActiveRecord::SchemaMigration Load (0.5ms)[0m  [1mSELECT "schema_migrations".* FROM "schema_migrations"[0m
Processing by SellsController#index as HTML
  [1m[35mSell Load (0.5ms)[0m  SELECT "sells".* FROM "sells"
  Rendered sells/index.html.erb within layouts/application (28.4ms)
Completed 200 OK in 1306ms (Views: 1115.1ms | ActiveRecord: 1.0ms)


Started GET "/sells" for 127.0.0.1 at 2015-11-19 17:48:17 -0600
Processing by SellsController#index as HTML
  [1m[36mSell Load (0.3ms)[0m  [1mSELECT "sells".* FROM "sells"[0m
  Rendered sells/index.html.erb within layouts/application (7.0ms)
Completed 200 OK in 85ms (Views: 78.9ms | ActiveRecord: 0.3ms)


Started GET "/sells/new" for 127.0.0.1 at 2015-11-19 17:48:29 -0600
Processing by SellsController#new as HTML
  Rendered sells/_form.html.erb (74.8ms)
  Rendered sells/new.html.erb within layouts/application (92.8ms)
Completed 200 OK in 194ms (Views: 167.6ms | ActiveRecord: 0.4ms)


Started POST "/sells" for 127.0.0.1 at 2015-11-19 17:48:40 -0600
Processing by SellsController#create as HTML
  Parameters: {"utf8"=>"✓", "authenticity_token"=>"cqo27O2gGLUpuyvWruROuevWq4fLJA0tWPrEKwwMTinKhWTyeUbwAHFZSqjrvGMU0gmcHkXPb3FCbVf/hwK6BQ==", "sell"=>{"prod_id"=>"1", "fecha_v(1i)"=>"2015", "fecha_v(2i)"=>"11", "fecha_v(3i)"=>"19", "cantidad"=>"1", "total"=>"22", "cliente_id"=>"1"}, "commit"=>"Create Sell"}
  [1m[35m (0.2ms)[0m  begin transaction
  [1m[36mSQL (0.5ms)[0m  [1mINSERT INTO "sells" ("prod_id", "cantidad", "total", "cliente_id", "fecha_v", "created_at", "updated_at") VALUES (?, ?, ?, ?, ?, ?, ?)[0m  [["prod_id", 1], ["cantidad", 1], ["total", 22.0], ["cliente_id", 1], ["fecha_v", "2015-11-19"], ["created_at", "2015-11-19 23:48:40.059101"], ["updated_at", "2015-11-19 23:48:40.059101"]]
  [1m[35m (170.7ms)[0m  commit transaction
Redirected to http://localhost:3000/sells/9
Completed 302 Found in 200ms (ActiveRecord: 171.4ms)


Started GET "/sells/9" for 127.0.0.1 at 2015-11-19 17:48:40 -0600
Processing by SellsController#show as HTML
  Parameters: {"id"=>"9"}
  [1m[36mSell Load (0.4ms)[0m  [1mSELECT  "sells".* FROM "sells" WHERE "sells"."id" = ? LIMIT 1[0m  [["id", 9]]
  Rendered sells/show.html.erb within layouts/application (9.2ms)
Completed 200 OK in 102ms (Views: 71.6ms | ActiveRecord: 0.4ms)


Started GET "/sells" for 127.0.0.1 at 2015-11-19 17:49:18 -0600
Processing by SellsController#index as HTML
  [1m[35mSell Load (0.3ms)[0m  SELECT "sells".* FROM "sells"
  Rendered sells/index.html.erb within layouts/application (5.5ms)
Completed 200 OK in 62ms (Views: 57.7ms | ActiveRecord: 0.3ms)


Started GET "/sells" for 127.0.0.1 at 2015-11-19 17:53:23 -0600
  [1m[36mActiveRecord::SchemaMigration Load (0.3ms)[0m  [1mSELECT "schema_migrations".* FROM "schema_migrations"[0m
Processing by SellsController#index as HTML
  [1m[35mSell Load (1.4ms)[0m  SELECT "sells".* FROM "sells"
  Rendered sells/index.html.erb within layouts/application (26.9ms)
Completed 200 OK in 521ms (Views: 488.2ms | ActiveRecord: 2.1ms)


Started GET "/products" for 127.0.0.1 at 2015-11-19 17:53:30 -0600
Processing by ProductsController#index as HTML
  [1m[36mProduct Load (0.5ms)[0m  [1mSELECT "products".* FROM "products"[0m
  Rendered products/index.html.erb within layouts/application (13.0ms)
Completed 200 OK in 152ms (Views: 115.8ms | ActiveRecord: 0.9ms)


Started GET "/clients" for 127.0.0.1 at 2015-11-19 17:53:36 -0600
Processing by ClientsController#index as HTML
  [1m[35mClient Load (0.4ms)[0m  SELECT "clients".* FROM "clients"
  Rendered clients/index.html.erb within layouts/application (30.6ms)
Completed 200 OK in 147ms (Views: 135.6ms | ActiveRecord: 0.9ms)
  [1m[36mSell Load (0.5ms)[0m  [1mSELECT  "sells".* FROM "sells"  ORDER BY "sells"."id" ASC LIMIT 1[0m
  [1m[35mSell Load (1.8ms)[0m  SELECT  "sells".* FROM "sells"  ORDER BY "sells"."id" ASC LIMIT 1
  [1m[36mSell Load (0.6ms)[0m  [1mSELECT "sells".* FROM "sells"[0m
  [1m[35mSell Load (1.5ms)[0m  SELECT "sells".* FROM "sells"
  [1m[36mSell Load (1.7ms)[0m  [1mSELECT "sells".* FROM "sells"[0m
  [1m[35mSell Load (1.0ms)[0m  SELECT "sells".* FROM "sells"
  [1m[36mSell Load (0.3ms)[0m  [1mSELECT  "sells".* FROM "sells"  ORDER BY "sells"."id" ASC LIMIT 1[0m
  [1m[35mSell Load (0.3ms)[0m  SELECT  "sells".* FROM "sells"  ORDER BY "sells"."id" ASC LIMIT 1


Started GET "/sells" for 127.0.0.1 at 2015-11-19 17:59:12 -0600
  [1m[36mActiveRecord::SchemaMigration Load (0.5ms)[0m  [1mSELECT "schema_migrations".* FROM "schema_migrations"[0m
Processing by SellsController#index as HTML
  [1m[35mSell Load (0.7ms)[0m  SELECT "sells".* FROM "sells"
  Rendered sells/index.html.erb within layouts/application (23.4ms)
Completed 200 OK in 591ms (Views: 537.8ms | ActiveRecord: 1.4ms)


Started GET "/sells" for 127.0.0.1 at 2015-11-19 17:59:13 -0600
Processing by SellsController#index as HTML
  [1m[36mSell Load (0.3ms)[0m  [1mSELECT "sells".* FROM "sells"[0m
  Rendered sells/index.html.erb within layouts/application (9.4ms)
Completed 200 OK in 61ms (Views: 60.1ms | ActiveRecord: 0.3ms)


Started GET "/clients" for 127.0.0.1 at 2015-11-19 17:59:24 -0600
Processing by ClientsController#index as HTML
  [1m[35mClient Load (1.5ms)[0m  SELECT "clients".* FROM "clients"
  Rendered clients/index.html.erb within layouts/application (72.8ms)
Completed 200 OK in 330ms (Views: 271.9ms | ActiveRecord: 3.3ms)
  [1m[36mClient Load (12.4ms)[0m  [1mSELECT "clients".* FROM "clients"[0m
  [1m[35mProduct Load (0.3ms)[0m  SELECT "products".* FROM "products"
  [1m[36mActiveRecord::SchemaMigration Load (0.2ms)[0m  [1mSELECT "schema_migrations".* FROM "schema_migrations"[0m
Migrating to AddClientIdToSell (20151120001046)
  [1m[35m (0.1ms)[0m  begin transaction
  [1m[36m (0.6ms)[0m  [1mALTER TABLE "sells" ADD "client_id" integer[0m
  [1m[35mSQL (0.3ms)[0m  INSERT INTO "schema_migrations" ("version") VALUES (?)  [["version", "20151120001046"]]
  [1m[36m (185.0ms)[0m  [1mcommit transaction[0m
  [1m[35mActiveRecord::SchemaMigration Load (0.2ms)[0m  SELECT "schema_migrations".* FROM "schema_migrations"


Started GET "/clients" for 127.0.0.1 at 2015-11-19 18:12:35 -0600
  [1m[36mActiveRecord::SchemaMigration Load (0.3ms)[0m  [1mSELECT "schema_migrations".* FROM "schema_migrations"[0m
Processing by ClientsController#index as HTML
  [1m[35mClient Load (0.3ms)[0m  SELECT "clients".* FROM "clients"
  Rendered clients/index.html.erb within layouts/application (13.8ms)
Completed 200 OK in 266ms (Views: 245.1ms | ActiveRecord: 1.1ms)


Started GET "/clients" for 127.0.0.1 at 2015-11-19 18:12:35 -0600
Processing by ClientsController#index as HTML
  [1m[36mClient Load (0.2ms)[0m  [1mSELECT "clients".* FROM "clients"[0m
  Rendered clients/index.html.erb within layouts/application (2.0ms)
Completed 200 OK in 55ms (Views: 53.4ms | ActiveRecord: 0.2ms)


Started GET "/sells" for 127.0.0.1 at 2015-11-19 18:12:44 -0600
Processing by SellsController#index as HTML
  [1m[35mSell Load (0.6ms)[0m  SELECT "sells".* FROM "sells"
  Rendered sells/index.html.erb within layouts/application (32.0ms)
Completed 200 OK in 131ms (Views: 102.6ms | ActiveRecord: 1.6ms)


Started GET "/sells" for 127.0.0.1 at 2015-11-19 18:13:23 -0600
Processing by SellsController#index as HTML
  [1m[36mSell Load (0.3ms)[0m  [1mSELECT "sells".* FROM "sells"[0m
  Rendered sells/index.html.erb within layouts/application (28.0ms)
Completed 500 Internal Server Error in 39ms (ActiveRecord: 0.3ms)

ActionView::Template::Error (undefined method `cliente' for #<Sell:0x007f914e10a680>):
    21:         <td><%= sell.fecha_v %></td>
    22:         <td><%= sell.cantidad %></td>
    23:         <td><%= sell.total %></td>
    24:         <td><%= sell.cliente.nombre %></td>
    25:         <td><%= link_to 'Show', sell %></td>
    26:         <td><%= link_to 'Edit', edit_sell_path(sell) %></td>
    27:         <td><%= link_to 'Destroy', sell, method: :delete, data: { confirm: 'Are you sure?' } %></td>
  app/views/sells/index.html.erb:24:in `block in _app_views_sells_index_html_erb___258483572784086236_70131028288560'
  app/views/sells/index.html.erb:18:in `_app_views_sells_index_html_erb___258483572784086236_70131028288560'


  Rendered /home/angie/.rvm/gems/ruby-2.2.1/gems/actionpack-4.2.5/lib/action_dispatch/middleware/templates/rescues/_source.erb (14.2ms)
  Rendered /home/angie/.rvm/gems/ruby-2.2.1/gems/actionpack-4.2.5/lib/action_dispatch/middleware/templates/rescues/_trace.html.erb (11.4ms)
  Rendered /home/angie/.rvm/gems/ruby-2.2.1/gems/actionpack-4.2.5/lib/action_dispatch/middleware/templates/rescues/_request_and_response.html.erb (10.8ms)
  Rendered /home/angie/.rvm/gems/ruby-2.2.1/gems/actionpack-4.2.5/lib/action_dispatch/middleware/templates/rescues/template_error.html.erb within rescues/layout (55.7ms)
  Rendered /home/angie/.rvm/gems/ruby-2.2.1/gems/web-console-2.2.1/lib/web_console/templates/_markup.html.erb (1.0ms)
  Rendered /home/angie/.rvm/gems/ruby-2.2.1/gems/web-console-2.2.1/lib/web_console/templates/_inner_console_markup.html.erb within layouts/inlined_string (1.5ms)
  Rendered /home/angie/.rvm/gems/ruby-2.2.1/gems/web-console-2.2.1/lib/web_console/templates/_prompt_box_markup.html.erb within layouts/inlined_string (0.7ms)
  Rendered /home/angie/.rvm/gems/ruby-2.2.1/gems/web-console-2.2.1/lib/web_console/templates/style.css.erb within layouts/inlined_string (3.9ms)
  Rendered /home/angie/.rvm/gems/ruby-2.2.1/gems/web-console-2.2.1/lib/web_console/templates/console.js.erb within layouts/javascript (53.4ms)
  Rendered /home/angie/.rvm/gems/ruby-2.2.1/gems/web-console-2.2.1/lib/web_console/templates/main.js.erb within layouts/javascript (1.8ms)
  Rendered /home/angie/.rvm/gems/ruby-2.2.1/gems/web-console-2.2.1/lib/web_console/templates/error_page.js.erb within layouts/javascript (1.0ms)
  Rendered /home/angie/.rvm/gems/ruby-2.2.1/gems/web-console-2.2.1/lib/web_console/templates/index.html.erb (111.6ms)


Started GET "/sells" for 127.0.0.1 at 2015-11-19 18:13:23 -0600
Processing by SellsController#index as HTML
  [1m[35mSell Load (0.5ms)[0m  SELECT "sells".* FROM "sells"
  Rendered sells/index.html.erb within layouts/application (24.0ms)
Completed 500 Internal Server Error in 61ms (ActiveRecord: 0.5ms)

ActionView::Template::Error (undefined method `cliente' for #<Sell:0x000000044d1f58>):
    21:         <td><%= sell.fecha_v %></td>
    22:         <td><%= sell.cantidad %></td>
    23:         <td><%= sell.total %></td>
    24:         <td><%= sell.cliente.nombre %></td>
    25:         <td><%= link_to 'Show', sell %></td>
    26:         <td><%= link_to 'Edit', edit_sell_path(sell) %></td>
    27:         <td><%= link_to 'Destroy', sell, method: :delete, data: { confirm: 'Are you sure?' } %></td>
  app/views/sells/index.html.erb:24:in `block in _app_views_sells_index_html_erb___258483572784086236_70131028288560'
  app/views/sells/index.html.erb:18:in `_app_views_sells_index_html_erb___258483572784086236_70131028288560'


  Rendered /home/angie/.rvm/gems/ruby-2.2.1/gems/actionpack-4.2.5/lib/action_dispatch/middleware/templates/rescues/_source.erb (12.2ms)
  Rendered /home/angie/.rvm/gems/ruby-2.2.1/gems/actionpack-4.2.5/lib/action_dispatch/middleware/templates/rescues/_trace.html.erb (10.3ms)
  Rendered /home/angie/.rvm/gems/ruby-2.2.1/gems/actionpack-4.2.5/lib/action_dispatch/middleware/templates/rescues/_request_and_response.html.erb (1.5ms)
  Rendered /home/angie/.rvm/gems/ruby-2.2.1/gems/actionpack-4.2.5/lib/action_dispatch/middleware/templates/rescues/template_error.html.erb within rescues/layout (43.4ms)
  Rendered /home/angie/.rvm/gems/ruby-2.2.1/gems/web-console-2.2.1/lib/web_console/templates/_markup.html.erb (1.1ms)
  Rendered /home/angie/.rvm/gems/ruby-2.2.1/gems/web-console-2.2.1/lib/web_console/templates/_inner_console_markup.html.erb within layouts/inlined_string (0.8ms)
  Rendered /home/angie/.rvm/gems/ruby-2.2.1/gems/web-console-2.2.1/lib/web_console/templates/_prompt_box_markup.html.erb within layouts/inlined_string (0.7ms)
  Rendered /home/angie/.rvm/gems/ruby-2.2.1/gems/web-console-2.2.1/lib/web_console/templates/style.css.erb within layouts/inlined_string (0.7ms)
  Rendered /home/angie/.rvm/gems/ruby-2.2.1/gems/web-console-2.2.1/lib/web_console/templates/console.js.erb within layouts/javascript (39.6ms)
  Rendered /home/angie/.rvm/gems/ruby-2.2.1/gems/web-console-2.2.1/lib/web_console/templates/main.js.erb within layouts/javascript (0.9ms)
  Rendered /home/angie/.rvm/gems/ruby-2.2.1/gems/web-console-2.2.1/lib/web_console/templates/error_page.js.erb within layouts/javascript (0.8ms)
  Rendered /home/angie/.rvm/gems/ruby-2.2.1/gems/web-console-2.2.1/lib/web_console/templates/index.html.erb (78.4ms)


Started GET "/sells" for 127.0.0.1 at 2015-11-19 18:14:26 -0600
Processing by SellsController#index as HTML
  [1m[36mSell Load (2.8ms)[0m  [1mSELECT "sells".* FROM "sells"[0m
  Rendered sells/index.html.erb within layouts/application (38.7ms)
Completed 500 Internal Server Error in 66ms (ActiveRecord: 3.7ms)

ActionView::Template::Error (undefined method `cliente' for #<Sell:0x007f914dd62690>):
    21:         <td><%= sell.fecha_v %></td>
    22:         <td><%= sell.cantidad %></td>
    23:         <td><%= sell.total %></td>
    24:         <td><%= sell.cliente.nombre %></td>
    25:         <td><%= link_to 'Show', sell %></td>
    26:         <td><%= link_to 'Edit', edit_sell_path(sell) %></td>
    27:         <td><%= link_to 'Destroy', sell, method: :delete, data: { confirm: 'Are you sure?' } %></td>
  app/views/sells/index.html.erb:24:in `block in _app_views_sells_index_html_erb___258483572784086236_70131028288560'
  app/views/sells/index.html.erb:18:in `_app_views_sells_index_html_erb___258483572784086236_70131028288560'


  Rendered /home/angie/.rvm/gems/ruby-2.2.1/gems/actionpack-4.2.5/lib/action_dispatch/middleware/templates/rescues/_source.erb (25.0ms)
  Rendered /home/angie/.rvm/gems/ruby-2.2.1/gems/actionpack-4.2.5/lib/action_dispatch/middleware/templates/rescues/_trace.html.erb (9.8ms)
  Rendered /home/angie/.rvm/gems/ruby-2.2.1/gems/actionpack-4.2.5/lib/action_dispatch/middleware/templates/rescues/_request_and_response.html.erb (1.4ms)
  Rendered /home/angie/.rvm/gems/ruby-2.2.1/gems/actionpack-4.2.5/lib/action_dispatch/middleware/templates/rescues/template_error.html.erb within rescues/layout (54.2ms)
  Rendered /home/angie/.rvm/gems/ruby-2.2.1/gems/web-console-2.2.1/lib/web_console/templates/_markup.html.erb (0.9ms)
  Rendered /home/angie/.rvm/gems/ruby-2.2.1/gems/web-console-2.2.1/lib/web_console/templates/_inner_console_markup.html.erb within layouts/inlined_string (0.6ms)
  Rendered /home/angie/.rvm/gems/ruby-2.2.1/gems/web-console-2.2.1/lib/web_console/templates/_prompt_box_markup.html.erb within layouts/inlined_string (0.5ms)
  Rendered /home/angie/.rvm/gems/ruby-2.2.1/gems/web-console-2.2.1/lib/web_console/templates/style.css.erb within layouts/inlined_string (0.7ms)
  Rendered /home/angie/.rvm/gems/ruby-2.2.1/gems/web-console-2.2.1/lib/web_console/templates/console.js.erb within layouts/javascript (33.6ms)
  Rendered /home/angie/.rvm/gems/ruby-2.2.1/gems/web-console-2.2.1/lib/web_console/templates/main.js.erb within layouts/javascript (0.6ms)
  Rendered /home/angie/.rvm/gems/ruby-2.2.1/gems/web-console-2.2.1/lib/web_console/templates/error_page.js.erb within layouts/javascript (8.1ms)
  Rendered /home/angie/.rvm/gems/ruby-2.2.1/gems/web-console-2.2.1/lib/web_console/templates/index.html.erb (75.5ms)


Started GET "/sells" for 127.0.0.1 at 2015-11-19 18:14:27 -0600
Processing by SellsController#index as HTML
  [1m[35mSell Load (4.3ms)[0m  SELECT "sells".* FROM "sells"
  Rendered sells/index.html.erb within layouts/application (18.8ms)
Completed 500 Internal Server Error in 24ms (ActiveRecord: 4.3ms)

ActionView::Template::Error (undefined method `cliente' for #<Sell:0x007f914dd091f8>):
    21:         <td><%= sell.fecha_v %></td>
    22:         <td><%= sell.cantidad %></td>
    23:         <td><%= sell.total %></td>
    24:         <td><%= sell.cliente.nombre %></td>
    25:         <td><%= link_to 'Show', sell %></td>
    26:         <td><%= link_to 'Edit', edit_sell_path(sell) %></td>
    27:         <td><%= link_to 'Destroy', sell, method: :delete, data: { confirm: 'Are you sure?' } %></td>
  app/views/sells/index.html.erb:24:in `block in _app_views_sells_index_html_erb___258483572784086236_70131028288560'
  app/views/sells/index.html.erb:18:in `_app_views_sells_index_html_erb___258483572784086236_70131028288560'


  Rendered /home/angie/.rvm/gems/ruby-2.2.1/gems/actionpack-4.2.5/lib/action_dispatch/middleware/templates/rescues/_source.erb (13.4ms)
  Rendered /home/angie/.rvm/gems/ruby-2.2.1/gems/actionpack-4.2.5/lib/action_dispatch/middleware/templates/rescues/_trace.html.erb (10.5ms)
  Rendered /home/angie/.rvm/gems/ruby-2.2.1/gems/actionpack-4.2.5/lib/action_dispatch/middleware/templates/rescues/_request_and_response.html.erb (8.6ms)
  Rendered /home/angie/.rvm/gems/ruby-2.2.1/gems/actionpack-4.2.5/lib/action_dispatch/middleware/templates/rescues/template_error.html.erb within rescues/layout (54.9ms)
  Rendered /home/angie/.rvm/gems/ruby-2.2.1/gems/web-console-2.2.1/lib/web_console/templates/_markup.html.erb (0.8ms)
  Rendered /home/angie/.rvm/gems/ruby-2.2.1/gems/web-console-2.2.1/lib/web_console/templates/_inner_console_markup.html.erb within layouts/inlined_string (0.6ms)
  Rendered /home/angie/.rvm/gems/ruby-2.2.1/gems/web-console-2.2.1/lib/web_console/templates/_prompt_box_markup.html.erb within layouts/inlined_string (0.5ms)
  Rendered /home/angie/.rvm/gems/ruby-2.2.1/gems/web-console-2.2.1/lib/web_console/templates/style.css.erb within layouts/inlined_string (2.0ms)
  Rendered /home/angie/.rvm/gems/ruby-2.2.1/gems/web-console-2.2.1/lib/web_console/templates/console.js.erb within layouts/javascript (39.2ms)
  Rendered /home/angie/.rvm/gems/ruby-2.2.1/gems/web-console-2.2.1/lib/web_console/templates/main.js.erb within layouts/javascript (0.9ms)
  Rendered /home/angie/.rvm/gems/ruby-2.2.1/gems/web-console-2.2.1/lib/web_console/templates/error_page.js.erb within layouts/javascript (0.9ms)
  Rendered /home/angie/.rvm/gems/ruby-2.2.1/gems/web-console-2.2.1/lib/web_console/templates/index.html.erb (82.7ms)


Started GET "/sells" for 127.0.0.1 at 2015-11-19 18:15:07 -0600
Processing by SellsController#index as HTML
  [1m[36mSell Load (1.5ms)[0m  [1mSELECT "sells".* FROM "sells"[0m
  Rendered sells/index.html.erb within layouts/application (35.8ms)
Completed 500 Internal Server Error in 48ms (ActiveRecord: 1.5ms)

ActionView::Template::Error (undefined method `nombre' for nil:NilClass):
    21:         <td><%= sell.fecha_v %></td>
    22:         <td><%= sell.cantidad %></td>
    23:         <td><%= sell.total %></td>
    24:         <td><%= sell.client.nombre %></td>
    25:         <td><%= link_to 'Show', sell %></td>
    26:         <td><%= link_to 'Edit', edit_sell_path(sell) %></td>
    27:         <td><%= link_to 'Destroy', sell, method: :delete, data: { confirm: 'Are you sure?' } %></td>
  app/views/sells/index.html.erb:24:in `block in _app_views_sells_index_html_erb___258483572784086236_21903620'
  app/views/sells/index.html.erb:18:in `_app_views_sells_index_html_erb___258483572784086236_21903620'


  Rendered /home/angie/.rvm/gems/ruby-2.2.1/gems/actionpack-4.2.5/lib/action_dispatch/middleware/templates/rescues/_source.erb (11.7ms)
  Rendered /home/angie/.rvm/gems/ruby-2.2.1/gems/actionpack-4.2.5/lib/action_dispatch/middleware/templates/rescues/_trace.html.erb (13.4ms)
  Rendered /home/angie/.rvm/gems/ruby-2.2.1/gems/actionpack-4.2.5/lib/action_dispatch/middleware/templates/rescues/_request_and_response.html.erb (1.6ms)
  Rendered /home/angie/.rvm/gems/ruby-2.2.1/gems/actionpack-4.2.5/lib/action_dispatch/middleware/templates/rescues/template_error.html.erb within rescues/layout (45.3ms)
  Rendered /home/angie/.rvm/gems/ruby-2.2.1/gems/web-console-2.2.1/lib/web_console/templates/_markup.html.erb (1.4ms)
  Rendered /home/angie/.rvm/gems/ruby-2.2.1/gems/web-console-2.2.1/lib/web_console/templates/_inner_console_markup.html.erb within layouts/inlined_string (0.5ms)
  Rendered /home/angie/.rvm/gems/ruby-2.2.1/gems/web-console-2.2.1/lib/web_console/templates/_prompt_box_markup.html.erb within layouts/inlined_string (1.0ms)
  Rendered /home/angie/.rvm/gems/ruby-2.2.1/gems/web-console-2.2.1/lib/web_console/templates/style.css.erb within layouts/inlined_string (0.8ms)
  Rendered /home/angie/.rvm/gems/ruby-2.2.1/gems/web-console-2.2.1/lib/web_console/templates/console.js.erb within layouts/javascript (40.6ms)
  Rendered /home/angie/.rvm/gems/ruby-2.2.1/gems/web-console-2.2.1/lib/web_console/templates/main.js.erb within layouts/javascript (0.7ms)
  Rendered /home/angie/.rvm/gems/ruby-2.2.1/gems/web-console-2.2.1/lib/web_console/templates/error_page.js.erb within layouts/javascript (1.1ms)
  Rendered /home/angie/.rvm/gems/ruby-2.2.1/gems/web-console-2.2.1/lib/web_console/templates/index.html.erb (93.2ms)


Started GET "/sells" for 127.0.0.1 at 2015-11-19 18:15:07 -0600
Processing by SellsController#index as HTML
  [1m[35mSell Load (0.5ms)[0m  SELECT "sells".* FROM "sells"
  Rendered sells/index.html.erb within layouts/application (15.5ms)
Completed 500 Internal Server Error in 29ms (ActiveRecord: 0.5ms)

ActionView::Template::Error (undefined method `nombre' for nil:NilClass):
    21:         <td><%= sell.fecha_v %></td>
    22:         <td><%= sell.cantidad %></td>
    23:         <td><%= sell.total %></td>
    24:         <td><%= sell.client.nombre %></td>
    25:         <td><%= link_to 'Show', sell %></td>
    26:         <td><%= link_to 'Edit', edit_sell_path(sell) %></td>
    27:         <td><%= link_to 'Destroy', sell, method: :delete, data: { confirm: 'Are you sure?' } %></td>
  app/views/sells/index.html.erb:24:in `block in _app_views_sells_index_html_erb___258483572784086236_21903620'
  app/views/sells/index.html.erb:18:in `_app_views_sells_index_html_erb___258483572784086236_21903620'


  Rendered /home/angie/.rvm/gems/ruby-2.2.1/gems/actionpack-4.2.5/lib/action_dispatch/middleware/templates/rescues/_source.erb (20.5ms)
  Rendered /home/angie/.rvm/gems/ruby-2.2.1/gems/actionpack-4.2.5/lib/action_dispatch/middleware/templates/rescues/_trace.html.erb (10.5ms)
  Rendered /home/angie/.rvm/gems/ruby-2.2.1/gems/actionpack-4.2.5/lib/action_dispatch/middleware/templates/rescues/_request_and_response.html.erb (5.9ms)
  Rendered /home/angie/.rvm/gems/ruby-2.2.1/gems/actionpack-4.2.5/lib/action_dispatch/middleware/templates/rescues/template_error.html.erb within rescues/layout (56.1ms)
  Rendered /home/angie/.rvm/gems/ruby-2.2.1/gems/web-console-2.2.1/lib/web_console/templates/_markup.html.erb (0.8ms)
  Rendered /home/angie/.rvm/gems/ruby-2.2.1/gems/web-console-2.2.1/lib/web_console/templates/_inner_console_markup.html.erb within layouts/inlined_string (0.8ms)
  Rendered /home/angie/.rvm/gems/ruby-2.2.1/gems/web-console-2.2.1/lib/web_console/templates/_prompt_box_markup.html.erb within layouts/inlined_string (0.6ms)
  Rendered /home/angie/.rvm/gems/ruby-2.2.1/gems/web-console-2.2.1/lib/web_console/templates/style.css.erb within layouts/inlined_string (2.7ms)
  Rendered /home/angie/.rvm/gems/ruby-2.2.1/gems/web-console-2.2.1/lib/web_console/templates/console.js.erb within layouts/javascript (35.8ms)
  Rendered /home/angie/.rvm/gems/ruby-2.2.1/gems/web-console-2.2.1/lib/web_console/templates/main.js.erb within layouts/javascript (2.2ms)
  Rendered /home/angie/.rvm/gems/ruby-2.2.1/gems/web-console-2.2.1/lib/web_console/templates/error_page.js.erb within layouts/javascript (0.8ms)
  Rendered /home/angie/.rvm/gems/ruby-2.2.1/gems/web-console-2.2.1/lib/web_console/templates/index.html.erb (91.1ms)


Started GET "/sells" for 127.0.0.1 at 2015-11-19 18:15:25 -0600
Processing by SellsController#index as HTML
  [1m[36mSell Load (5.6ms)[0m  [1mSELECT "sells".* FROM "sells"[0m
  Rendered sells/index.html.erb within layouts/application (9.0ms)
Completed 200 OK in 102ms (Views: 95.1ms | ActiveRecord: 5.6ms)


Started GET "/sells" for 127.0.0.1 at 2015-11-19 18:15:25 -0600
Processing by SellsController#index as HTML
  [1m[35mSell Load (0.3ms)[0m  SELECT "sells".* FROM "sells"
  Rendered sells/index.html.erb within layouts/application (2.6ms)
Completed 200 OK in 76ms (Views: 74.9ms | ActiveRecord: 0.3ms)


Started GET "/sells/9" for 127.0.0.1 at 2015-11-19 18:15:27 -0600
Processing by SellsController#show as HTML
  Parameters: {"id"=>"9"}
  [1m[36mSell Load (0.4ms)[0m  [1mSELECT  "sells".* FROM "sells" WHERE "sells"."id" = ? LIMIT 1[0m  [["id", 9]]
  Rendered sells/show.html.erb within layouts/application (6.1ms)
Completed 200 OK in 106ms (Views: 68.1ms | ActiveRecord: 0.4ms)


Started GET "/sells/9" for 127.0.0.1 at 2015-11-19 18:15:27 -0600
Processing by SellsController#show as HTML
  Parameters: {"id"=>"9"}
  [1m[35mSell Load (0.2ms)[0m  SELECT  "sells".* FROM "sells" WHERE "sells"."id" = ? LIMIT 1  [["id", 9]]
  Rendered sells/show.html.erb within layouts/application (11.9ms)
Completed 200 OK in 80ms (Views: 77.4ms | ActiveRecord: 0.2ms)


Started GET "/sells" for 127.0.0.1 at 2015-11-19 18:15:30 -0600
Processing by SellsController#index as HTML
  [1m[36mSell Load (0.3ms)[0m  [1mSELECT "sells".* FROM "sells"[0m
  Rendered sells/index.html.erb within layouts/application (4.3ms)
Completed 200 OK in 76ms (Views: 74.2ms | ActiveRecord: 0.3ms)
  [1m[36mSell Load (2.9ms)[0m  [1mSELECT "sells".* FROM "sells"[0m
  [1m[35m (0.2ms)[0m  begin transaction
  [1m[36mSQL (0.8ms)[0m  [1mDELETE FROM "sells" WHERE "sells"."id" = ?[0m  [["id", 9]]
  [1m[35m (199.4ms)[0m  commit transaction


Started GET "/client" for 127.0.0.1 at 2015-11-19 18:17:21 -0600
  [1m[36mActiveRecord::SchemaMigration Load (0.3ms)[0m  [1mSELECT "schema_migrations".* FROM "schema_migrations"[0m

ActionController::RoutingError (No route matches [GET] "/client"):
  actionpack (4.2.5) lib/action_dispatch/middleware/debug_exceptions.rb:21:in `call'
  web-console (2.2.1) lib/web_console/middleware.rb:39:in `call'
  actionpack (4.2.5) lib/action_dispatch/middleware/show_exceptions.rb:30:in `call'
  railties (4.2.5) lib/rails/rack/logger.rb:38:in `call_app'
  railties (4.2.5) lib/rails/rack/logger.rb:20:in `block in call'
  activesupport (4.2.5) lib/active_support/tagged_logging.rb:68:in `block in tagged'
  activesupport (4.2.5) lib/active_support/tagged_logging.rb:26:in `tagged'
  activesupport (4.2.5) lib/active_support/tagged_logging.rb:68:in `tagged'
  railties (4.2.5) lib/rails/rack/logger.rb:20:in `call'
  actionpack (4.2.5) lib/action_dispatch/middleware/request_id.rb:21:in `call'
  rack (1.6.4) lib/rack/methodoverride.rb:22:in `call'
  rack (1.6.4) lib/rack/runtime.rb:18:in `call'
  activesupport (4.2.5) lib/active_support/cache/strategy/local_cache_middleware.rb:28:in `call'
  rack (1.6.4) lib/rack/lock.rb:17:in `call'
  actionpack (4.2.5) lib/action_dispatch/middleware/static.rb:116:in `call'
  rack (1.6.4) lib/rack/sendfile.rb:113:in `call'
  railties (4.2.5) lib/rails/engine.rb:518:in `call'
  railties (4.2.5) lib/rails/application.rb:165:in `call'
  rack (1.6.4) lib/rack/lock.rb:17:in `call'
  rack (1.6.4) lib/rack/content_length.rb:15:in `call'
  rack (1.6.4) lib/rack/handler/webrick.rb:88:in `service'
  /home/angie/.rvm/rubies/ruby-2.2.1/lib/ruby/2.2.0/webrick/httpserver.rb:138:in `service'
  /home/angie/.rvm/rubies/ruby-2.2.1/lib/ruby/2.2.0/webrick/httpserver.rb:94:in `run'
  /home/angie/.rvm/rubies/ruby-2.2.1/lib/ruby/2.2.0/webrick/server.rb:294:in `block in start_thread'


  Rendered /home/angie/.rvm/gems/ruby-2.2.1/gems/actionpack-4.2.5/lib/action_dispatch/middleware/templates/rescues/_trace.html.erb (2.6ms)
  Rendered /home/angie/.rvm/gems/ruby-2.2.1/gems/actionpack-4.2.5/lib/action_dispatch/middleware/templates/routes/_route.html.erb (11.7ms)
  Rendered /home/angie/.rvm/gems/ruby-2.2.1/gems/actionpack-4.2.5/lib/action_dispatch/middleware/templates/routes/_table.html.erb (13.9ms)
  Rendered /home/angie/.rvm/gems/ruby-2.2.1/gems/actionpack-4.2.5/lib/action_dispatch/middleware/templates/rescues/_request_and_response.html.erb (43.2ms)
  Rendered /home/angie/.rvm/gems/ruby-2.2.1/gems/actionpack-4.2.5/lib/action_dispatch/middleware/templates/rescues/routing_error.html.erb within rescues/layout (147.6ms)
  Rendered /home/angie/.rvm/gems/ruby-2.2.1/gems/web-console-2.2.1/lib/web_console/templates/_markup.html.erb (0.9ms)
  Rendered /home/angie/.rvm/gems/ruby-2.2.1/gems/web-console-2.2.1/lib/web_console/templates/_inner_console_markup.html.erb within layouts/inlined_string (0.7ms)
  Rendered /home/angie/.rvm/gems/ruby-2.2.1/gems/web-console-2.2.1/lib/web_console/templates/_prompt_box_markup.html.erb within layouts/inlined_string (0.6ms)
  Rendered /home/angie/.rvm/gems/ruby-2.2.1/gems/web-console-2.2.1/lib/web_console/templates/style.css.erb within layouts/inlined_string (0.7ms)
  Rendered /home/angie/.rvm/gems/ruby-2.2.1/gems/web-console-2.2.1/lib/web_console/templates/console.js.erb within layouts/javascript (44.0ms)
  Rendered /home/angie/.rvm/gems/ruby-2.2.1/gems/web-console-2.2.1/lib/web_console/templates/main.js.erb within layouts/javascript (0.5ms)
  Rendered /home/angie/.rvm/gems/ruby-2.2.1/gems/web-console-2.2.1/lib/web_console/templates/error_page.js.erb within layouts/javascript (5.7ms)
  Rendered /home/angie/.rvm/gems/ruby-2.2.1/gems/web-console-2.2.1/lib/web_console/templates/index.html.erb (114.7ms)


Started GET "/client" for 127.0.0.1 at 2015-11-19 18:17:24 -0600

ActionController::RoutingError (No route matches [GET] "/client"):
  actionpack (4.2.5) lib/action_dispatch/middleware/debug_exceptions.rb:21:in `call'
  web-console (2.2.1) lib/web_console/middleware.rb:39:in `call'
  actionpack (4.2.5) lib/action_dispatch/middleware/show_exceptions.rb:30:in `call'
  railties (4.2.5) lib/rails/rack/logger.rb:38:in `call_app'
  railties (4.2.5) lib/rails/rack/logger.rb:20:in `block in call'
  activesupport (4.2.5) lib/active_support/tagged_logging.rb:68:in `block in tagged'
  activesupport (4.2.5) lib/active_support/tagged_logging.rb:26:in `tagged'
  activesupport (4.2.5) lib/active_support/tagged_logging.rb:68:in `tagged'
  railties (4.2.5) lib/rails/rack/logger.rb:20:in `call'
  actionpack (4.2.5) lib/action_dispatch/middleware/request_id.rb:21:in `call'
  rack (1.6.4) lib/rack/methodoverride.rb:22:in `call'
  rack (1.6.4) lib/rack/runtime.rb:18:in `call'
  activesupport (4.2.5) lib/active_support/cache/strategy/local_cache_middleware.rb:28:in `call'
  rack (1.6.4) lib/rack/lock.rb:17:in `call'
  actionpack (4.2.5) lib/action_dispatch/middleware/static.rb:116:in `call'
  rack (1.6.4) lib/rack/sendfile.rb:113:in `call'
  railties (4.2.5) lib/rails/engine.rb:518:in `call'
  railties (4.2.5) lib/rails/application.rb:165:in `call'
  rack (1.6.4) lib/rack/lock.rb:17:in `call'
  rack (1.6.4) lib/rack/content_length.rb:15:in `call'
  rack (1.6.4) lib/rack/handler/webrick.rb:88:in `service'
  /home/angie/.rvm/rubies/ruby-2.2.1/lib/ruby/2.2.0/webrick/httpserver.rb:138:in `service'
  /home/angie/.rvm/rubies/ruby-2.2.1/lib/ruby/2.2.0/webrick/httpserver.rb:94:in `run'
  /home/angie/.rvm/rubies/ruby-2.2.1/lib/ruby/2.2.0/webrick/server.rb:294:in `block in start_thread'


  Rendered /home/angie/.rvm/gems/ruby-2.2.1/gems/actionpack-4.2.5/lib/action_dispatch/middleware/templates/rescues/_trace.html.erb (3.8ms)
  Rendered /home/angie/.rvm/gems/ruby-2.2.1/gems/actionpack-4.2.5/lib/action_dispatch/middleware/templates/routes/_route.html.erb (5.9ms)
  Rendered /home/angie/.rvm/gems/ruby-2.2.1/gems/actionpack-4.2.5/lib/action_dispatch/middleware/templates/routes/_table.html.erb (5.5ms)
  Rendered /home/angie/.rvm/gems/ruby-2.2.1/gems/actionpack-4.2.5/lib/action_dispatch/middleware/templates/rescues/_request_and_response.html.erb (3.8ms)
  Rendered /home/angie/.rvm/gems/ruby-2.2.1/gems/actionpack-4.2.5/lib/action_dispatch/middleware/templates/rescues/routing_error.html.erb within rescues/layout (104.3ms)
  Rendered /home/angie/.rvm/gems/ruby-2.2.1/gems/web-console-2.2.1/lib/web_console/templates/_markup.html.erb (0.6ms)
  Rendered /home/angie/.rvm/gems/ruby-2.2.1/gems/web-console-2.2.1/lib/web_console/templates/_inner_console_markup.html.erb within layouts/inlined_string (0.6ms)
  Rendered /home/angie/.rvm/gems/ruby-2.2.1/gems/web-console-2.2.1/lib/web_console/templates/_prompt_box_markup.html.erb within layouts/inlined_string (0.5ms)
  Rendered /home/angie/.rvm/gems/ruby-2.2.1/gems/web-console-2.2.1/lib/web_console/templates/style.css.erb within layouts/inlined_string (2.6ms)
  Rendered /home/angie/.rvm/gems/ruby-2.2.1/gems/web-console-2.2.1/lib/web_console/templates/console.js.erb within layouts/javascript (68.9ms)
  Rendered /home/angie/.rvm/gems/ruby-2.2.1/gems/web-console-2.2.1/lib/web_console/templates/main.js.erb within layouts/javascript (0.6ms)
  Rendered /home/angie/.rvm/gems/ruby-2.2.1/gems/web-console-2.2.1/lib/web_console/templates/error_page.js.erb within layouts/javascript (0.8ms)
  Rendered /home/angie/.rvm/gems/ruby-2.2.1/gems/web-console-2.2.1/lib/web_console/templates/index.html.erb (139.9ms)


Started GET "/clients" for 127.0.0.1 at 2015-11-19 18:17:27 -0600
Processing by ClientsController#index as HTML
  [1m[35mClient Load (0.2ms)[0m  SELECT "clients".* FROM "clients"
  Rendered clients/index.html.erb within layouts/application (22.4ms)
Completed 200 OK in 497ms (Views: 470.6ms | ActiveRecord: 0.9ms)


Started GET "/sells" for 127.0.0.1 at 2015-11-19 18:17:32 -0600
Processing by SellsController#index as HTML
  [1m[36mSell Load (4.4ms)[0m  [1mSELECT "sells".* FROM "sells"[0m
  Rendered sells/index.html.erb within layouts/application (8.7ms)
Completed 200 OK in 81ms (Views: 60.6ms | ActiveRecord: 4.7ms)


Started GET "/sells" for 127.0.0.1 at 2015-11-19 18:17:32 -0600
Processing by SellsController#index as HTML
  [1m[35mSell Load (0.3ms)[0m  SELECT "sells".* FROM "sells"
  Rendered sells/index.html.erb within layouts/application (2.8ms)
Completed 200 OK in 96ms (Views: 94.4ms | ActiveRecord: 0.3ms)


Started GET "/sells/new" for 127.0.0.1 at 2015-11-19 18:17:35 -0600
Processing by SellsController#new as HTML
  Rendered sells/_form.html.erb (48.3ms)
  Rendered sells/new.html.erb within layouts/application (50.5ms)
Completed 200 OK in 143ms (Views: 118.2ms | ActiveRecord: 0.2ms)


Started GET "/sells/new" for 127.0.0.1 at 2015-11-19 18:17:36 -0600
Processing by SellsController#new as HTML
  Rendered sells/_form.html.erb (9.8ms)
  Rendered sells/new.html.erb within layouts/application (15.3ms)
Completed 200 OK in 90ms (Views: 88.4ms | ActiveRecord: 0.0ms)


Started GET "/sells/new" for 127.0.0.1 at 2015-11-19 18:18:09 -0600
Processing by SellsController#new as HTML
  Rendered sells/_form.html.erb (32.1ms)
  Rendered sells/new.html.erb within layouts/application (40.8ms)
Completed 200 OK in 123ms (Views: 122.4ms | ActiveRecord: 0.0ms)


Started POST "/sells" for 127.0.0.1 at 2015-11-19 18:18:18 -0600
Processing by SellsController#create as HTML
  Parameters: {"utf8"=>"✓", "authenticity_token"=>"AjB3rJkfOcv96sK1W6GUao/P8hrA/Tu5SVDKKhChWw+6HyWyDfnRfqUIo8se+bnHthDFg04WWeVTx1n+m6+vIw==", "sell"=>{"prod_id"=>"1", "fecha_v(1i)"=>"2015", "fecha_v(2i)"=>"11", "fecha_v(3i)"=>"20", "cantidad"=>"1", "total"=>"1", "client_id"=>"1"}, "commit"=>"Create Sell"}
  [1m[36m (0.3ms)[0m  [1mbegin transaction[0m
  [1m[35mSQL (4.6ms)[0m  INSERT INTO "sells" ("prod_id", "cantidad", "total", "client_id", "fecha_v", "created_at", "updated_at") VALUES (?, ?, ?, ?, ?, ?, ?)  [["prod_id", 1], ["cantidad", 1], ["total", 1.0], ["client_id", 1], ["fecha_v", "2015-11-20"], ["created_at", "2015-11-20 00:18:18.840117"], ["updated_at", "2015-11-20 00:18:18.840117"]]
  [1m[36m (160.4ms)[0m  [1mcommit transaction[0m
Redirected to http://localhost:3000/sells/10
Completed 302 Found in 187ms (ActiveRecord: 165.3ms)


Started GET "/sells/10" for 127.0.0.1 at 2015-11-19 18:18:19 -0600
Processing by SellsController#show as HTML
  Parameters: {"id"=>"10"}
  [1m[35mSell Load (0.4ms)[0m  SELECT  "sells".* FROM "sells" WHERE "sells"."id" = ? LIMIT 1  [["id", 10]]
  Rendered sells/show.html.erb within layouts/application (4.4ms)
Completed 200 OK in 105ms (Views: 82.9ms | ActiveRecord: 0.4ms)


Started GET "/sells" for 127.0.0.1 at 2015-11-19 18:18:25 -0600
Processing by SellsController#index as HTML
  [1m[36mSell Load (0.3ms)[0m  [1mSELECT "sells".* FROM "sells"[0m
  [1m[35mClient Load (0.3ms)[0m  SELECT  "clients".* FROM "clients" WHERE "clients"."id" = ? LIMIT 1  [["id", 1]]
  Rendered sells/index.html.erb within layouts/application (91.7ms)
Completed 200 OK in 217ms (Views: 215.8ms | ActiveRecord: 0.6ms)


Started GET "/" for 127.0.0.1 at 2015-11-19 18:21:01 -0600
Processing by Rails::WelcomeController#index as HTML
  Rendered /home/angie/.rvm/gems/ruby-2.2.1/gems/railties-4.2.5/lib/rails/templates/rails/welcome/index.html.erb (5.0ms)
Completed 200 OK in 43ms (Views: 41.4ms | ActiveRecord: 0.0ms)


Started GET "/sells" for 127.0.0.1 at 2015-11-19 18:21:01 -0600
Processing by SellsController#index as HTML
  [1m[36mSell Load (0.3ms)[0m  [1mSELECT "sells".* FROM "sells"[0m
  [1m[35mClient Load (0.3ms)[0m  SELECT  "clients".* FROM "clients" WHERE "clients"."id" = ? LIMIT 1  [["id", 1]]
  Rendered sells/index.html.erb within layouts/application (18.9ms)
Completed 200 OK in 162ms (Views: 159.9ms | ActiveRecord: 0.6ms)


Started GET "/assets/application.self-e80e8f2318043e8af94dddc2adad5a4f09739a8ebb323b3ab31cd71d45fd9113.css?body=1" for 127.0.0.1 at 2015-11-19 18:21:02 -0600


Started GET "/assets/clients.self-e3b0c44298fc1c149afbf4c8996fb92427ae41e4649b934ca495991b7852b855.css?body=1" for 127.0.0.1 at 2015-11-19 18:21:02 -0600


Started GET "/assets/products.self-e3b0c44298fc1c149afbf4c8996fb92427ae41e4649b934ca495991b7852b855.css?body=1" for 127.0.0.1 at 2015-11-19 18:21:02 -0600


Started GET "/assets/scaffolds.self-4c1c54b6a1c1dcf9785f027b01938e6cf1ceec7f49d6dfba12bb0f7f473eb7fe.css?body=1" for 127.0.0.1 at 2015-11-19 18:21:02 -0600


Started GET "/assets/sells.self-e3b0c44298fc1c149afbf4c8996fb92427ae41e4649b934ca495991b7852b855.css?body=1" for 127.0.0.1 at 2015-11-19 18:21:02 -0600
